2020-11-22 11:52:32.069 [info] <0.44.0> Application lager started on node nonode@nohost
2020-11-22 11:52:32.072 [info] <0.44.0> Application xmerl started on node nonode@nohost
2020-11-22 11:52:32.076 [info] <0.44.0> Application sasl started on node nonode@nohost
2020-11-22 11:52:32.077 [info] <0.44.0> Application tools started on node nonode@nohost
2020-11-22 11:52:32.077 [info] <0.44.0> Application jsx started on node nonode@nohost
2020-11-22 11:52:32.084 [info] <0.44.0> Application ranch started on node nonode@nohost
2020-11-22 11:52:32.084 [info] <0.44.0> Application recon started on node nonode@nohost
2020-11-22 11:52:32.120 [info] <0.44.0> Application credentials_obfuscation started on node nonode@nohost
2020-11-22 11:52:32.120 [info] <0.44.0> Application rabbit_common started on node nonode@nohost
2020-11-22 11:52:32.129 [info] <0.44.0> Application amqp_client started on node nonode@nohost
2020-11-22 11:52:32.132 [info] <0.44.0> Application amqp started on node nonode@nohost
2020-11-22 11:52:32.161 [error] <0.456.0>@Elixir.GenServer:call Supervisor 'Elixir.ConferenceEvents.Repo' had child 'Elixir.DBConnection.ConnectionPool' started with 'Elixir.Ecto.Repo.Supervisor':start_child({'Elixir.DBConnection.ConnectionPool',start_link,[{'Elixir.Postgrex.Protocol',[{types,'Elixir.Postgrex.DefaultTypes'},...]}]}, 'Elixir.Ecto.Adapters.Postgres', #{cache => #Ref<0.1828040154.3033399302.224562>,opts => [{timeout,15000},{pool_size,10},{pool,'Elixir.DBConnection.ConnectionPool'}],...}) at undefined exit with reason no such process or port in call to 'Elixir.GenServer':call('Elixir.DBConnection.Watcher', {watch,'Elixir.DBConnection.ConnectionPool.Supervisor',{'Elixir.DBConnection.ConnectionPool.Pool',...}}, infinity) in context start_error
2020-11-22 11:54:00.925 [info] <0.44.0> Application lager started on node nonode@nohost
2020-11-22 11:54:00.928 [info] <0.44.0> Application xmerl started on node nonode@nohost
2020-11-22 11:54:00.932 [info] <0.44.0> Application sasl started on node nonode@nohost
2020-11-22 11:54:00.932 [info] <0.44.0> Application tools started on node nonode@nohost
2020-11-22 11:54:00.932 [info] <0.44.0> Application jsx started on node nonode@nohost
2020-11-22 11:54:00.936 [info] <0.44.0> Application ranch started on node nonode@nohost
2020-11-22 11:54:00.937 [info] <0.44.0> Application recon started on node nonode@nohost
2020-11-22 11:54:00.960 [info] <0.44.0> Application credentials_obfuscation started on node nonode@nohost
2020-11-22 11:54:00.960 [info] <0.44.0> Application rabbit_common started on node nonode@nohost
2020-11-22 11:54:00.968 [info] <0.44.0> Application amqp_client started on node nonode@nohost
2020-11-22 11:54:00.970 [info] <0.44.0> Application amqp started on node nonode@nohost
2020-11-22 11:54:00.993 [error] <0.351.0>@Elixir.GenServer:call Supervisor 'Elixir.ConferenceEvents.Repo' had child 'Elixir.DBConnection.ConnectionPool' started with 'Elixir.Ecto.Repo.Supervisor':start_child({'Elixir.DBConnection.ConnectionPool',start_link,[{'Elixir.Postgrex.Protocol',[{types,'Elixir.Postgrex.DefaultTypes'},...]}]}, 'Elixir.Ecto.Adapters.Postgres', #{cache => #Ref<0.2862085496.1691222018.28397>,opts => [{timeout,15000},{pool_size,10},{pool,'Elixir.DBConnection.ConnectionPool'}],...}) at undefined exit with reason no such process or port in call to 'Elixir.GenServer':call('Elixir.DBConnection.Watcher', {watch,'Elixir.DBConnection.ConnectionPool.Supervisor',{'Elixir.DBConnection.ConnectionPool.Pool',...}}, infinity) in context start_error
2020-11-22 11:54:53.240 [info] <0.44.0> Application lager started on node nonode@nohost
2020-11-22 11:54:53.243 [info] <0.44.0> Application xmerl started on node nonode@nohost
2020-11-22 11:54:53.247 [info] <0.44.0> Application sasl started on node nonode@nohost
2020-11-22 11:54:53.247 [info] <0.44.0> Application tools started on node nonode@nohost
2020-11-22 11:54:53.247 [info] <0.44.0> Application jsx started on node nonode@nohost
2020-11-22 11:54:53.252 [info] <0.44.0> Application ranch started on node nonode@nohost
2020-11-22 11:54:53.252 [info] <0.44.0> Application recon started on node nonode@nohost
2020-11-22 11:54:53.279 [info] <0.44.0> Application credentials_obfuscation started on node nonode@nohost
2020-11-22 11:54:53.279 [info] <0.44.0> Application rabbit_common started on node nonode@nohost
2020-11-22 11:54:53.285 [info] <0.44.0> Application amqp_client started on node nonode@nohost
2020-11-22 11:54:53.288 [info] <0.44.0> Application amqp started on node nonode@nohost
2020-11-22 11:54:53.306 [error] <0.456.0>@Elixir.GenServer:call Supervisor 'Elixir.ConferenceEvents.Repo' had child 'Elixir.DBConnection.ConnectionPool' started with 'Elixir.Ecto.Repo.Supervisor':start_child({'Elixir.DBConnection.ConnectionPool',start_link,[{'Elixir.Postgrex.Protocol',[{types,'Elixir.Postgrex.DefaultTypes'},...]}]}, 'Elixir.Ecto.Adapters.Postgres', #{cache => #Ref<0.4217895158.2228879361.209287>,opts => [{timeout,15000},{pool_size,10},{pool,'Elixir.DBConnection.ConnectionPool'}],...}) at undefined exit with reason no such process or port in call to 'Elixir.GenServer':call('Elixir.DBConnection.Watcher', {watch,'Elixir.DBConnection.ConnectionPool.Supervisor',{'Elixir.DBConnection.ConnectionPool.Pool',...}}, infinity) in context start_error
2020-11-22 12:10:27.745 [info] <0.44.0> Application lager started on node nonode@nohost
2020-11-22 12:10:27.749 [info] <0.44.0> Application xmerl started on node nonode@nohost
2020-11-22 12:10:27.754 [info] <0.44.0> Application sasl started on node nonode@nohost
2020-11-22 12:10:27.754 [info] <0.44.0> Application tools started on node nonode@nohost
2020-11-22 12:10:27.754 [info] <0.44.0> Application jsx started on node nonode@nohost
2020-11-22 12:10:27.760 [info] <0.44.0> Application ranch started on node nonode@nohost
2020-11-22 12:10:27.761 [info] <0.44.0> Application recon started on node nonode@nohost
2020-11-22 12:10:27.787 [info] <0.44.0> Application credentials_obfuscation started on node nonode@nohost
2020-11-22 12:10:27.787 [info] <0.44.0> Application rabbit_common started on node nonode@nohost
2020-11-22 12:10:27.798 [info] <0.44.0> Application amqp_client started on node nonode@nohost
2020-11-22 12:10:27.800 [info] <0.44.0> Application amqp started on node nonode@nohost
2020-11-22 12:10:27.816 [error] <0.456.0>@Elixir.GenServer:call Supervisor 'Elixir.ConferenceEvents.Repo' had child 'Elixir.DBConnection.ConnectionPool' started with 'Elixir.Ecto.Repo.Supervisor':start_child({'Elixir.DBConnection.ConnectionPool',start_link,[{'Elixir.Postgrex.Protocol',[{types,'Elixir.Postgrex.DefaultTypes'},...]}]}, 'Elixir.Ecto.Adapters.Postgres', #{cache => #Ref<0.235532912.3842113538.119557>,opts => [{timeout,15000},{pool_size,10},{pool,'Elixir.DBConnection.ConnectionPool'}],...}) at undefined exit with reason no such process or port in call to 'Elixir.GenServer':call('Elixir.DBConnection.Watcher', {watch,'Elixir.DBConnection.ConnectionPool.Supervisor',{'Elixir.DBConnection.ConnectionPool.Pool',...}}, infinity) in context start_error
2020-11-22 12:11:52.319 [info] <0.44.0> Application lager started on node nonode@nohost
2020-11-22 12:11:52.344 [info] <0.44.0> Application xmerl started on node nonode@nohost
2020-11-22 12:11:52.348 [info] <0.44.0> Application sasl started on node nonode@nohost
2020-11-22 12:11:52.348 [info] <0.44.0> Application tools started on node nonode@nohost
2020-11-22 12:11:52.349 [info] <0.44.0> Application jsx started on node nonode@nohost
2020-11-22 12:11:52.355 [info] <0.44.0> Application ranch started on node nonode@nohost
2020-11-22 12:11:52.355 [info] <0.44.0> Application recon started on node nonode@nohost
2020-11-22 12:11:52.386 [info] <0.44.0> Application credentials_obfuscation started on node nonode@nohost
2020-11-22 12:11:52.386 [info] <0.44.0> Application rabbit_common started on node nonode@nohost
2020-11-22 12:11:52.396 [info] <0.44.0> Application amqp_client started on node nonode@nohost
2020-11-22 12:11:52.399 [info] <0.44.0> Application amqp started on node nonode@nohost
2020-11-22 12:11:52.422 [error] <0.456.0>@Elixir.GenServer:call Supervisor 'Elixir.ConferenceEvents.Repo' had child 'Elixir.DBConnection.ConnectionPool' started with 'Elixir.Ecto.Repo.Supervisor':start_child({'Elixir.DBConnection.ConnectionPool',start_link,[{'Elixir.Postgrex.Protocol',[{types,'Elixir.Postgrex.DefaultTypes'},...]}]}, 'Elixir.Ecto.Adapters.Postgres', #{cache => #Ref<0.1945618387.889061380.123199>,opts => [{timeout,15000},{pool_size,10},{pool,'Elixir.DBConnection.ConnectionPool'}],...}) at undefined exit with reason no such process or port in call to 'Elixir.GenServer':call('Elixir.DBConnection.Watcher', {watch,'Elixir.DBConnection.ConnectionPool.Supervisor',{'Elixir.DBConnection.ConnectionPool.Pool',...}}, infinity) in context start_error
2020-11-22 12:12:22.864 [info] <0.44.0> Application lager started on node nonode@nohost
2020-11-22 12:12:22.867 [info] <0.44.0> Application xmerl started on node nonode@nohost
2020-11-22 12:12:22.871 [info] <0.44.0> Application sasl started on node nonode@nohost
2020-11-22 12:12:22.871 [info] <0.44.0> Application tools started on node nonode@nohost
2020-11-22 12:12:22.871 [info] <0.44.0> Application jsx started on node nonode@nohost
2020-11-22 12:12:22.875 [info] <0.44.0> Application ranch started on node nonode@nohost
2020-11-22 12:12:22.876 [info] <0.44.0> Application recon started on node nonode@nohost
2020-11-22 12:12:22.902 [info] <0.44.0> Application credentials_obfuscation started on node nonode@nohost
2020-11-22 12:12:22.902 [info] <0.44.0> Application rabbit_common started on node nonode@nohost
2020-11-22 12:12:22.908 [info] <0.44.0> Application amqp_client started on node nonode@nohost
2020-11-22 12:12:22.910 [info] <0.44.0> Application amqp started on node nonode@nohost
2020-11-22 12:12:22.936 [error] <0.332.0>@Elixir.GenServer:call Supervisor 'Elixir.ConferenceEvents.Repo' had child 'Elixir.DBConnection.ConnectionPool' started with 'Elixir.Ecto.Repo.Supervisor':start_child({'Elixir.DBConnection.ConnectionPool',start_link,[{'Elixir.Postgrex.Protocol',[{types,'Elixir.Postgrex.DefaultTypes'},...]}]}, 'Elixir.Ecto.Adapters.Postgres', #{cache => #Ref<0.4162327840.1156972545.240649>,opts => [{timeout,15000},{pool_size,10},{pool,'Elixir.DBConnection.ConnectionPool'}],...}) at undefined exit with reason no such process or port in call to 'Elixir.GenServer':call('Elixir.DBConnection.Watcher', {watch,'Elixir.DBConnection.ConnectionPool.Supervisor',{'Elixir.DBConnection.ConnectionPool.Pool',...}}, infinity) in context start_error
2020-11-22 12:13:12.726 [info] <0.44.0> Application lager started on node nonode@nohost
2020-11-22 12:13:12.729 [info] <0.44.0> Application xmerl started on node nonode@nohost
2020-11-22 12:13:12.735 [info] <0.44.0> Application sasl started on node nonode@nohost
2020-11-22 12:13:12.735 [info] <0.44.0> Application tools started on node nonode@nohost
2020-11-22 12:13:12.735 [info] <0.44.0> Application jsx started on node nonode@nohost
2020-11-22 12:13:12.743 [info] <0.44.0> Application ranch started on node nonode@nohost
2020-11-22 12:13:12.743 [info] <0.44.0> Application recon started on node nonode@nohost
2020-11-22 12:13:12.785 [info] <0.44.0> Application credentials_obfuscation started on node nonode@nohost
2020-11-22 12:13:12.785 [info] <0.44.0> Application rabbit_common started on node nonode@nohost
2020-11-22 12:13:12.793 [info] <0.44.0> Application amqp_client started on node nonode@nohost
2020-11-22 12:13:12.796 [info] <0.44.0> Application amqp started on node nonode@nohost
2020-11-22 12:13:12.814 [error] <0.456.0>@Elixir.GenServer:call Supervisor 'Elixir.ConferenceEvents.Repo' had child 'Elixir.DBConnection.ConnectionPool' started with 'Elixir.Ecto.Repo.Supervisor':start_child({'Elixir.DBConnection.ConnectionPool',start_link,[{'Elixir.Postgrex.Protocol',[{types,'Elixir.Postgrex.DefaultTypes'},...]}]}, 'Elixir.Ecto.Adapters.Postgres', #{cache => #Ref<0.209349747.1157234694.231646>,opts => [{timeout,15000},{pool_size,10},{pool,'Elixir.DBConnection.ConnectionPool'}],...}) at undefined exit with reason no such process or port in call to 'Elixir.GenServer':call('Elixir.DBConnection.Watcher', {watch,'Elixir.DBConnection.ConnectionPool.Supervisor',{'Elixir.DBConnection.ConnectionPool.Pool',...}}, infinity) in context start_error
2020-11-22 12:15:24.669 [info] <0.44.0> Application lager started on node nonode@nohost
2020-11-22 12:15:24.673 [info] <0.44.0> Application xmerl started on node nonode@nohost
2020-11-22 12:15:24.678 [info] <0.44.0> Application sasl started on node nonode@nohost
2020-11-22 12:15:24.678 [info] <0.44.0> Application tools started on node nonode@nohost
2020-11-22 12:15:24.679 [info] <0.44.0> Application jsx started on node nonode@nohost
2020-11-22 12:15:24.683 [info] <0.44.0> Application ranch started on node nonode@nohost
2020-11-22 12:15:24.683 [info] <0.44.0> Application recon started on node nonode@nohost
2020-11-22 12:15:24.711 [info] <0.44.0> Application credentials_obfuscation started on node nonode@nohost
2020-11-22 12:15:24.711 [info] <0.44.0> Application rabbit_common started on node nonode@nohost
2020-11-22 12:15:24.719 [info] <0.44.0> Application amqp_client started on node nonode@nohost
2020-11-22 12:15:24.722 [info] <0.44.0> Application amqp started on node nonode@nohost
2020-11-22 12:15:24.738 [error] <0.456.0>@Elixir.GenServer:call Supervisor 'Elixir.ConferenceEvents.Repo' had child 'Elixir.DBConnection.ConnectionPool' started with 'Elixir.Ecto.Repo.Supervisor':start_child({'Elixir.DBConnection.ConnectionPool',start_link,[{'Elixir.Postgrex.Protocol',[{types,'Elixir.Postgrex.DefaultTypes'},...]}]}, 'Elixir.Ecto.Adapters.Postgres', #{cache => #Ref<0.482989025.1963589633.254074>,opts => [{timeout,15000},{pool_size,10},{pool,'Elixir.DBConnection.ConnectionPool'}],...}) at undefined exit with reason no such process or port in call to 'Elixir.GenServer':call('Elixir.DBConnection.Watcher', {watch,'Elixir.DBConnection.ConnectionPool.Supervisor',{'Elixir.DBConnection.ConnectionPool.Pool',...}}, infinity) in context start_error
2020-11-22 12:22:01.000 [info] <0.44.0> Application lager started on node nonode@nohost
2020-11-22 12:22:01.003 [info] <0.44.0> Application xmerl started on node nonode@nohost
2020-11-22 12:22:01.008 [info] <0.44.0> Application sasl started on node nonode@nohost
2020-11-22 12:22:01.008 [info] <0.44.0> Application tools started on node nonode@nohost
2020-11-22 12:22:01.009 [info] <0.44.0> Application jsx started on node nonode@nohost
2020-11-22 12:22:01.013 [info] <0.44.0> Application ranch started on node nonode@nohost
2020-11-22 12:22:01.014 [info] <0.44.0> Application recon started on node nonode@nohost
2020-11-22 12:22:01.040 [info] <0.44.0> Application credentials_obfuscation started on node nonode@nohost
2020-11-22 12:22:01.040 [info] <0.44.0> Application rabbit_common started on node nonode@nohost
2020-11-22 12:22:01.050 [info] <0.44.0> Application amqp_client started on node nonode@nohost
2020-11-22 12:22:01.053 [info] <0.44.0> Application amqp started on node nonode@nohost
2020-11-22 12:22:01.082 [error] <0.332.0>@Elixir.GenServer:call Supervisor 'Elixir.ConferenceEvents.Repo' had child 'Elixir.DBConnection.ConnectionPool' started with 'Elixir.Ecto.Repo.Supervisor':start_child({'Elixir.DBConnection.ConnectionPool',start_link,[{'Elixir.Postgrex.Protocol',[{types,'Elixir.Postgrex.DefaultTypes'},...]}]}, 'Elixir.Ecto.Adapters.Postgres', #{cache => #Ref<0.423276187.1695678469.10051>,opts => [{timeout,15000},{pool_size,10},{pool,'Elixir.DBConnection.ConnectionPool'}],...}) at undefined exit with reason no such process or port in call to 'Elixir.GenServer':call('Elixir.DBConnection.Watcher', {watch,'Elixir.DBConnection.ConnectionPool.Supervisor',{'Elixir.DBConnection.ConnectionPool.Pool',...}}, infinity) in context start_error
2020-11-22 12:22:01.082 [error] <0.331.0> Supervisor 'Elixir.ConferenceEvents.Supervisor' had child 'Elixir.ConferenceEvents.Repo' started with 'Elixir.ConferenceEvents.Repo':start_link([]) at undefined exit with reason {shutdown,{failed_to_start_child,'Elixir.DBConnection.ConnectionPool',{noproc,{'Elixir.GenServer',call,['Elixir.DBConnection.Watcher',{watch,'Elixir.DBConnection.ConnectionPool.Supervisor',{'Elixir.DBConnection.ConnectionPool.Pool',{<0.333.0>,#Ref<0.423276187.1695678469.10052>,'Elixir.Postgrex.Protocol',[{types,'Elixir.Postgrex.DefaultTypes'},{port,5432},{repo,'Elixir.ConferenceEvents.Repo'},{telemetry_prefix,[conference_events,repo]},{otp_app,conference_events},{timeout,15000},{username,<<"ph...">>},...]}}},...]}}}} in context start_error
2020-11-22 12:26:29.525 [info] <0.44.0> Application lager started on node nonode@nohost
2020-11-22 12:26:29.528 [info] <0.44.0> Application xmerl started on node nonode@nohost
2020-11-22 12:26:29.534 [info] <0.44.0> Application sasl started on node nonode@nohost
2020-11-22 12:26:29.534 [info] <0.44.0> Application tools started on node nonode@nohost
2020-11-22 12:26:29.534 [info] <0.44.0> Application jsx started on node nonode@nohost
2020-11-22 12:26:29.540 [info] <0.44.0> Application ranch started on node nonode@nohost
2020-11-22 12:26:29.540 [info] <0.44.0> Application recon started on node nonode@nohost
2020-11-22 12:26:29.572 [info] <0.44.0> Application credentials_obfuscation started on node nonode@nohost
2020-11-22 12:26:29.572 [info] <0.44.0> Application rabbit_common started on node nonode@nohost
2020-11-22 12:26:29.579 [info] <0.44.0> Application amqp_client started on node nonode@nohost
2020-11-22 12:26:29.582 [info] <0.44.0> Application amqp started on node nonode@nohost
2020-11-22 12:26:29.582 [info] <0.44.0> Application decimal started on node nonode@nohost
2020-11-22 12:26:29.585 [info] <0.44.0> Application ecto started on node nonode@nohost
2020-11-22 12:26:29.586 [info] <0.44.0> Application phoenix_ecto started on node nonode@nohost
2020-11-22 12:26:29.586 [info] <0.44.0> Application connection started on node nonode@nohost
2020-11-22 12:26:29.591 [info] <0.44.0> Application db_connection started on node nonode@nohost
2020-11-22 12:26:29.592 [info] <0.44.0> Application ecto_sql started on node nonode@nohost
2020-11-22 12:26:29.601 [info] <0.44.0> Application postgrex started on node nonode@nohost
2020-11-22 12:26:29.601 [info] <0.44.0> Application phoenix_html started on node nonode@nohost
2020-11-22 12:26:29.601 [info] <0.44.0> Application file_system started on node nonode@nohost
2020-11-22 12:26:29.615 [info] <0.44.0> Application phoenix_live_reload started on node nonode@nohost
2020-11-22 12:26:29.617 [info] <0.44.0> Application phoenix_live_view started on node nonode@nohost
2020-11-22 12:26:29.617 [info] <0.44.0> Application telemetry_metrics started on node nonode@nohost
2020-11-22 12:26:29.623 [info] <0.44.0> Application phoenix_live_dashboard started on node nonode@nohost
2020-11-22 12:26:29.628 [info] <0.44.0> Application telemetry_poller started on node nonode@nohost
2020-11-22 12:26:29.628 [info] <0.44.0> Application jason started on node nonode@nohost
2020-11-22 12:26:29.628 [info] <0.44.0> Application cowlib started on node nonode@nohost
2020-11-22 12:26:29.636 [info] <0.44.0> Application cowboy started on node nonode@nohost
2020-11-22 12:26:29.636 [info] <0.44.0> Application cowboy_telemetry started on node nonode@nohost
2020-11-22 12:26:29.637 [info] <0.44.0> Application plug_cowboy started on node nonode@nohost
2020-11-22 12:26:29.713 [error] <0.582.0> Failed to start Ranch listener 'Elixir.ConferenceEventsWeb.Endpoint.HTTP' in ranch_tcp:listen([{cacerts,'...'},{key,'...'},{cert,'...'},{port,4000}]) for reason eaddrinuse (address already in use)
2020-11-22 12:29:52.165 [info] <0.44.0> Application lager started on node nonode@nohost
2020-11-22 12:29:52.169 [info] <0.44.0> Application xmerl started on node nonode@nohost
2020-11-22 12:29:52.175 [info] <0.44.0> Application sasl started on node nonode@nohost
2020-11-22 12:29:52.175 [info] <0.44.0> Application tools started on node nonode@nohost
2020-11-22 12:29:52.175 [info] <0.44.0> Application jsx started on node nonode@nohost
2020-11-22 12:29:52.179 [info] <0.44.0> Application ranch started on node nonode@nohost
2020-11-22 12:29:52.179 [info] <0.44.0> Application recon started on node nonode@nohost
2020-11-22 12:29:52.205 [info] <0.44.0> Application credentials_obfuscation started on node nonode@nohost
2020-11-22 12:29:52.205 [info] <0.44.0> Application rabbit_common started on node nonode@nohost
2020-11-22 12:29:52.213 [info] <0.44.0> Application amqp_client started on node nonode@nohost
2020-11-22 12:29:52.216 [info] <0.44.0> Application amqp started on node nonode@nohost
2020-11-22 12:29:52.216 [info] <0.44.0> Application decimal started on node nonode@nohost
2020-11-22 12:29:52.219 [info] <0.44.0> Application ecto started on node nonode@nohost
2020-11-22 12:29:52.220 [info] <0.44.0> Application phoenix_ecto started on node nonode@nohost
2020-11-22 12:29:52.220 [info] <0.44.0> Application connection started on node nonode@nohost
2020-11-22 12:29:52.225 [info] <0.44.0> Application db_connection started on node nonode@nohost
2020-11-22 12:29:52.227 [info] <0.44.0> Application ecto_sql started on node nonode@nohost
2020-11-22 12:29:52.236 [info] <0.44.0> Application postgrex started on node nonode@nohost
2020-11-22 12:29:52.236 [info] <0.44.0> Application phoenix_html started on node nonode@nohost
2020-11-22 12:29:52.236 [info] <0.44.0> Application file_system started on node nonode@nohost
2020-11-22 12:29:52.248 [info] <0.44.0> Application phoenix_live_reload started on node nonode@nohost
2020-11-22 12:29:52.249 [info] <0.44.0> Application phoenix_live_view started on node nonode@nohost
2020-11-22 12:29:52.249 [info] <0.44.0> Application telemetry_metrics started on node nonode@nohost
2020-11-22 12:29:52.253 [info] <0.44.0> Application phoenix_live_dashboard started on node nonode@nohost
2020-11-22 12:29:52.259 [info] <0.44.0> Application telemetry_poller started on node nonode@nohost
2020-11-22 12:29:52.259 [info] <0.44.0> Application jason started on node nonode@nohost
2020-11-22 12:29:52.259 [info] <0.44.0> Application cowlib started on node nonode@nohost
2020-11-22 12:29:52.265 [info] <0.44.0> Application cowboy started on node nonode@nohost
2020-11-22 12:29:52.265 [info] <0.44.0> Application cowboy_telemetry started on node nonode@nohost
2020-11-22 12:29:52.267 [info] <0.44.0> Application plug_cowboy started on node nonode@nohost
2020-11-22 12:29:52.359 [error] <0.459.0> Failed to start Ranch listener 'Elixir.ConferenceEventsWeb.Endpoint.HTTP' in ranch_tcp:listen([{cacerts,'...'},{key,'...'},{cert,'...'},{port,4000}]) for reason eaddrinuse (address already in use)
2020-11-22 12:29:52.379 [error] <0.457.0> Supervisor {<0.457.0>,ranch_listener_sup} had child ranch_acceptors_sup started with ranch_acceptors_sup:start_link('Elixir.ConferenceEventsWeb.Endpoint.HTTP', ranch_tcp) at undefined exit with reason {listen_error,'Elixir.ConferenceEventsWeb.Endpoint.HTTP',eaddrinuse} in context start_error
2020-11-22 12:34:43.099 [info] <0.44.0> Application lager started on node nonode@nohost
2020-11-22 12:34:43.102 [info] <0.44.0> Application xmerl started on node nonode@nohost
2020-11-22 12:34:43.107 [info] <0.44.0> Application sasl started on node nonode@nohost
2020-11-22 12:34:43.107 [info] <0.44.0> Application tools started on node nonode@nohost
2020-11-22 12:34:43.107 [info] <0.44.0> Application jsx started on node nonode@nohost
2020-11-22 12:34:43.111 [info] <0.44.0> Application ranch started on node nonode@nohost
2020-11-22 12:34:43.111 [info] <0.44.0> Application recon started on node nonode@nohost
2020-11-22 12:34:43.137 [info] <0.44.0> Application credentials_obfuscation started on node nonode@nohost
2020-11-22 12:34:43.137 [info] <0.44.0> Application rabbit_common started on node nonode@nohost
2020-11-22 12:34:43.144 [info] <0.44.0> Application amqp_client started on node nonode@nohost
2020-11-22 12:34:43.146 [info] <0.44.0> Application amqp started on node nonode@nohost
2020-11-22 12:34:43.147 [info] <0.44.0> Application decimal started on node nonode@nohost
2020-11-22 12:34:43.150 [info] <0.44.0> Application ecto started on node nonode@nohost
2020-11-22 12:34:43.151 [info] <0.44.0> Application phoenix_ecto started on node nonode@nohost
2020-11-22 12:34:43.151 [info] <0.44.0> Application connection started on node nonode@nohost
2020-11-22 12:34:43.156 [info] <0.44.0> Application db_connection started on node nonode@nohost
2020-11-22 12:34:43.157 [info] <0.44.0> Application ecto_sql started on node nonode@nohost
2020-11-22 12:34:43.167 [info] <0.44.0> Application postgrex started on node nonode@nohost
2020-11-22 12:34:43.167 [info] <0.44.0> Application phoenix_html started on node nonode@nohost
2020-11-22 12:34:43.167 [info] <0.44.0> Application file_system started on node nonode@nohost
2020-11-22 12:34:43.176 [info] <0.44.0> Application phoenix_live_reload started on node nonode@nohost
2020-11-22 12:34:43.177 [info] <0.44.0> Application phoenix_live_view started on node nonode@nohost
2020-11-22 12:34:43.177 [info] <0.44.0> Application telemetry_metrics started on node nonode@nohost
2020-11-22 12:34:43.181 [info] <0.44.0> Application phoenix_live_dashboard started on node nonode@nohost
2020-11-22 12:34:43.186 [info] <0.44.0> Application telemetry_poller started on node nonode@nohost
2020-11-22 12:34:43.186 [info] <0.44.0> Application jason started on node nonode@nohost
2020-11-22 12:34:43.186 [info] <0.44.0> Application cowlib started on node nonode@nohost
2020-11-22 12:34:43.192 [info] <0.44.0> Application cowboy started on node nonode@nohost
2020-11-22 12:34:43.192 [info] <0.44.0> Application cowboy_telemetry started on node nonode@nohost
2020-11-22 12:34:43.193 [info] <0.44.0> Application plug_cowboy started on node nonode@nohost
2020-11-22 12:34:43.306 [info] <0.44.0> Application conference_events started on node nonode@nohost
2020-11-22 12:36:21.247 [info] <0.44.0> Application lager started on node nonode@nohost
2020-11-22 12:36:21.250 [info] <0.44.0> Application xmerl started on node nonode@nohost
2020-11-22 12:36:21.254 [info] <0.44.0> Application sasl started on node nonode@nohost
2020-11-22 12:36:21.254 [info] <0.44.0> Application tools started on node nonode@nohost
2020-11-22 12:36:21.254 [info] <0.44.0> Application jsx started on node nonode@nohost
2020-11-22 12:36:21.259 [info] <0.44.0> Application ranch started on node nonode@nohost
2020-11-22 12:36:21.260 [info] <0.44.0> Application recon started on node nonode@nohost
2020-11-22 12:36:21.286 [info] <0.44.0> Application credentials_obfuscation started on node nonode@nohost
2020-11-22 12:36:21.286 [info] <0.44.0> Application rabbit_common started on node nonode@nohost
2020-11-22 12:36:21.294 [info] <0.44.0> Application amqp_client started on node nonode@nohost
2020-11-22 12:36:21.297 [info] <0.44.0> Application amqp started on node nonode@nohost
2020-11-22 12:36:21.316 [error] <0.456.0>@Elixir.GenServer:call Supervisor 'Elixir.ConferenceEvents.Repo' had child 'Elixir.DBConnection.ConnectionPool' started with 'Elixir.Ecto.Repo.Supervisor':start_child({'Elixir.DBConnection.ConnectionPool',start_link,[{'Elixir.Postgrex.Protocol',[{types,'Elixir.Postgrex.DefaultTypes'},...]}]}, 'Elixir.Ecto.Adapters.Postgres', #{cache => #Ref<0.3702321932.87162885.43652>,opts => [{timeout,15000},{pool_size,10},{pool,'Elixir.DBConnection.ConnectionPool'}],...}) at undefined exit with reason no such process or port in call to 'Elixir.GenServer':call('Elixir.DBConnection.Watcher', {watch,'Elixir.DBConnection.ConnectionPool.Supervisor',{'Elixir.DBConnection.ConnectionPool.Pool',...}}, infinity) in context start_error
2020-11-22 12:36:44.185 [info] <0.44.0> Application lager started on node nonode@nohost
2020-11-22 12:36:44.188 [info] <0.44.0> Application xmerl started on node nonode@nohost
2020-11-22 12:36:44.192 [info] <0.44.0> Application sasl started on node nonode@nohost
2020-11-22 12:36:44.192 [info] <0.44.0> Application tools started on node nonode@nohost
2020-11-22 12:36:44.192 [info] <0.44.0> Application jsx started on node nonode@nohost
2020-11-22 12:36:44.197 [info] <0.44.0> Application ranch started on node nonode@nohost
2020-11-22 12:36:44.198 [info] <0.44.0> Application recon started on node nonode@nohost
2020-11-22 12:36:44.222 [info] <0.44.0> Application credentials_obfuscation started on node nonode@nohost
2020-11-22 12:36:44.223 [info] <0.44.0> Application rabbit_common started on node nonode@nohost
2020-11-22 12:36:44.230 [info] <0.44.0> Application amqp_client started on node nonode@nohost
2020-11-22 12:36:44.232 [info] <0.44.0> Application amqp started on node nonode@nohost
2020-11-22 12:36:44.232 [info] <0.44.0> Application decimal started on node nonode@nohost
2020-11-22 12:36:44.234 [info] <0.44.0> Application ecto started on node nonode@nohost
2020-11-22 12:36:44.235 [info] <0.44.0> Application phoenix_ecto started on node nonode@nohost
2020-11-22 12:36:44.235 [info] <0.44.0> Application connection started on node nonode@nohost
2020-11-22 12:36:44.240 [info] <0.44.0> Application db_connection started on node nonode@nohost
2020-11-22 12:36:44.242 [info] <0.44.0> Application ecto_sql started on node nonode@nohost
2020-11-22 12:36:44.249 [info] <0.44.0> Application postgrex started on node nonode@nohost
2020-11-22 12:36:44.250 [info] <0.44.0> Application phoenix_html started on node nonode@nohost
2020-11-22 12:36:44.250 [info] <0.44.0> Application file_system started on node nonode@nohost
2020-11-22 12:36:44.259 [info] <0.44.0> Application phoenix_live_reload started on node nonode@nohost
2020-11-22 12:36:44.260 [info] <0.44.0> Application phoenix_live_view started on node nonode@nohost
2020-11-22 12:36:44.260 [info] <0.44.0> Application telemetry_metrics started on node nonode@nohost
2020-11-22 12:36:44.263 [info] <0.44.0> Application phoenix_live_dashboard started on node nonode@nohost
2020-11-22 12:36:44.267 [info] <0.44.0> Application telemetry_poller started on node nonode@nohost
2020-11-22 12:36:44.268 [info] <0.44.0> Application jason started on node nonode@nohost
2020-11-22 12:36:44.268 [info] <0.44.0> Application cowlib started on node nonode@nohost
2020-11-22 12:36:44.274 [info] <0.44.0> Application cowboy started on node nonode@nohost
2020-11-22 12:36:44.274 [info] <0.44.0> Application cowboy_telemetry started on node nonode@nohost
2020-11-22 12:36:44.276 [info] <0.44.0> Application plug_cowboy started on node nonode@nohost
2020-11-22 12:36:44.382 [info] <0.44.0> Application conference_events started on node nonode@nohost
2020-11-22 12:37:24.768 [info] <0.44.0> Application lager started on node nonode@nohost
2020-11-22 12:37:24.776 [info] <0.44.0> Application xmerl started on node nonode@nohost
2020-11-22 12:37:24.781 [info] <0.44.0> Application sasl started on node nonode@nohost
2020-11-22 12:37:24.781 [info] <0.44.0> Application tools started on node nonode@nohost
2020-11-22 12:37:24.781 [info] <0.44.0> Application jsx started on node nonode@nohost
2020-11-22 12:37:24.790 [info] <0.44.0> Application ranch started on node nonode@nohost
2020-11-22 12:37:24.790 [info] <0.44.0> Application recon started on node nonode@nohost
2020-11-22 12:37:24.820 [info] <0.44.0> Application credentials_obfuscation started on node nonode@nohost
2020-11-22 12:37:24.821 [info] <0.44.0> Application rabbit_common started on node nonode@nohost
2020-11-22 12:37:24.834 [info] <0.44.0> Application amqp_client started on node nonode@nohost
2020-11-22 12:37:24.836 [info] <0.44.0> Application amqp started on node nonode@nohost
2020-11-22 12:37:24.837 [info] <0.44.0> Application decimal started on node nonode@nohost
2020-11-22 12:37:24.840 [info] <0.44.0> Application ecto started on node nonode@nohost
2020-11-22 12:37:24.841 [info] <0.44.0> Application phoenix_ecto started on node nonode@nohost
2020-11-22 12:37:24.841 [info] <0.44.0> Application connection started on node nonode@nohost
2020-11-22 12:37:24.845 [info] <0.44.0> Application db_connection started on node nonode@nohost
2020-11-22 12:37:24.846 [info] <0.44.0> Application ecto_sql started on node nonode@nohost
2020-11-22 12:37:24.854 [info] <0.44.0> Application postgrex started on node nonode@nohost
2020-11-22 12:37:24.854 [info] <0.44.0> Application phoenix_html started on node nonode@nohost
2020-11-22 12:37:24.854 [info] <0.44.0> Application file_system started on node nonode@nohost
2020-11-22 12:37:24.863 [info] <0.44.0> Application phoenix_live_reload started on node nonode@nohost
2020-11-22 12:37:24.864 [info] <0.44.0> Application phoenix_live_view started on node nonode@nohost
2020-11-22 12:37:24.864 [info] <0.44.0> Application telemetry_metrics started on node nonode@nohost
2020-11-22 12:37:24.868 [info] <0.44.0> Application phoenix_live_dashboard started on node nonode@nohost
2020-11-22 12:37:24.872 [info] <0.44.0> Application telemetry_poller started on node nonode@nohost
2020-11-22 12:37:24.873 [info] <0.44.0> Application jason started on node nonode@nohost
2020-11-22 12:37:24.873 [info] <0.44.0> Application cowlib started on node nonode@nohost
2020-11-22 12:37:24.878 [info] <0.44.0> Application cowboy started on node nonode@nohost
2020-11-22 12:37:24.878 [info] <0.44.0> Application cowboy_telemetry started on node nonode@nohost
2020-11-22 12:37:24.880 [info] <0.44.0> Application plug_cowboy started on node nonode@nohost
2020-11-22 12:37:24.952 [info] <0.44.0> Application conference_events started on node nonode@nohost
2020-11-22 12:37:31.864 [info] <0.44.0> Application lager started on node nonode@nohost
2020-11-22 12:37:31.867 [info] <0.44.0> Application xmerl started on node nonode@nohost
2020-11-22 12:37:31.870 [info] <0.44.0> Application sasl started on node nonode@nohost
2020-11-22 12:37:31.870 [info] <0.44.0> Application tools started on node nonode@nohost
2020-11-22 12:37:31.870 [info] <0.44.0> Application jsx started on node nonode@nohost
2020-11-22 12:37:31.874 [info] <0.44.0> Application ranch started on node nonode@nohost
2020-11-22 12:37:31.874 [info] <0.44.0> Application recon started on node nonode@nohost
2020-11-22 12:37:31.900 [info] <0.44.0> Application credentials_obfuscation started on node nonode@nohost
2020-11-22 12:37:31.900 [info] <0.44.0> Application rabbit_common started on node nonode@nohost
2020-11-22 12:37:31.907 [info] <0.44.0> Application amqp_client started on node nonode@nohost
2020-11-22 12:37:31.910 [info] <0.44.0> Application amqp started on node nonode@nohost
2020-11-22 12:37:31.910 [info] <0.44.0> Application decimal started on node nonode@nohost
2020-11-22 12:37:31.913 [info] <0.44.0> Application ecto started on node nonode@nohost
2020-11-22 12:37:31.913 [info] <0.44.0> Application phoenix_ecto started on node nonode@nohost
2020-11-22 12:37:31.914 [info] <0.44.0> Application connection started on node nonode@nohost
2020-11-22 12:37:31.918 [info] <0.44.0> Application db_connection started on node nonode@nohost
2020-11-22 12:37:31.919 [info] <0.44.0> Application ecto_sql started on node nonode@nohost
2020-11-22 12:37:31.927 [info] <0.44.0> Application postgrex started on node nonode@nohost
2020-11-22 12:37:31.927 [info] <0.44.0> Application phoenix_html started on node nonode@nohost
2020-11-22 12:37:31.927 [info] <0.44.0> Application file_system started on node nonode@nohost
2020-11-22 12:37:31.935 [info] <0.44.0> Application phoenix_live_reload started on node nonode@nohost
2020-11-22 12:37:31.936 [info] <0.44.0> Application phoenix_live_view started on node nonode@nohost
2020-11-22 12:37:31.936 [info] <0.44.0> Application telemetry_metrics started on node nonode@nohost
2020-11-22 12:37:31.939 [info] <0.44.0> Application phoenix_live_dashboard started on node nonode@nohost
2020-11-22 12:37:31.944 [info] <0.44.0> Application telemetry_poller started on node nonode@nohost
2020-11-22 12:37:31.944 [info] <0.44.0> Application jason started on node nonode@nohost
2020-11-22 12:37:31.944 [info] <0.44.0> Application cowlib started on node nonode@nohost
2020-11-22 12:37:31.949 [info] <0.44.0> Application cowboy started on node nonode@nohost
2020-11-22 12:37:31.949 [info] <0.44.0> Application cowboy_telemetry started on node nonode@nohost
2020-11-22 12:37:31.950 [info] <0.44.0> Application plug_cowboy started on node nonode@nohost
2020-11-22 12:37:32.047 [info] <0.44.0> Application conference_events started on node nonode@nohost
2020-11-22 12:37:48.628 [info] <0.44.0> Application lager started on node nonode@nohost
2020-11-22 12:37:48.631 [info] <0.44.0> Application xmerl started on node nonode@nohost
2020-11-22 12:37:48.635 [info] <0.44.0> Application sasl started on node nonode@nohost
2020-11-22 12:37:48.635 [info] <0.44.0> Application tools started on node nonode@nohost
2020-11-22 12:37:48.635 [info] <0.44.0> Application jsx started on node nonode@nohost
2020-11-22 12:37:48.640 [info] <0.44.0> Application ranch started on node nonode@nohost
2020-11-22 12:37:48.641 [info] <0.44.0> Application recon started on node nonode@nohost
2020-11-22 12:37:48.666 [info] <0.44.0> Application credentials_obfuscation started on node nonode@nohost
2020-11-22 12:37:48.666 [info] <0.44.0> Application rabbit_common started on node nonode@nohost
2020-11-22 12:37:48.673 [info] <0.44.0> Application amqp_client started on node nonode@nohost
2020-11-22 12:37:48.675 [info] <0.44.0> Application amqp started on node nonode@nohost
2020-11-22 12:37:48.675 [info] <0.44.0> Application decimal started on node nonode@nohost
2020-11-22 12:37:48.678 [info] <0.44.0> Application ecto started on node nonode@nohost
2020-11-22 12:37:48.679 [info] <0.44.0> Application phoenix_ecto started on node nonode@nohost
2020-11-22 12:37:48.679 [info] <0.44.0> Application connection started on node nonode@nohost
2020-11-22 12:37:48.684 [info] <0.44.0> Application db_connection started on node nonode@nohost
2020-11-22 12:37:48.685 [info] <0.44.0> Application ecto_sql started on node nonode@nohost
2020-11-22 12:37:48.693 [info] <0.44.0> Application postgrex started on node nonode@nohost
2020-11-22 12:37:48.693 [info] <0.44.0> Application phoenix_html started on node nonode@nohost
2020-11-22 12:37:48.693 [info] <0.44.0> Application file_system started on node nonode@nohost
2020-11-22 12:37:48.704 [info] <0.44.0> Application phoenix_live_reload started on node nonode@nohost
2020-11-22 12:37:48.705 [info] <0.44.0> Application phoenix_live_view started on node nonode@nohost
2020-11-22 12:37:48.705 [info] <0.44.0> Application telemetry_metrics started on node nonode@nohost
2020-11-22 12:37:48.710 [info] <0.44.0> Application phoenix_live_dashboard started on node nonode@nohost
2020-11-22 12:37:48.714 [info] <0.44.0> Application telemetry_poller started on node nonode@nohost
2020-11-22 12:37:48.714 [info] <0.44.0> Application jason started on node nonode@nohost
2020-11-22 12:37:48.714 [info] <0.44.0> Application cowlib started on node nonode@nohost
2020-11-22 12:37:48.719 [info] <0.44.0> Application cowboy started on node nonode@nohost
2020-11-22 12:37:48.719 [info] <0.44.0> Application cowboy_telemetry started on node nonode@nohost
2020-11-22 12:37:48.721 [info] <0.44.0> Application plug_cowboy started on node nonode@nohost
2020-11-22 12:37:48.791 [info] <0.44.0> Application conference_events started on node nonode@nohost
2020-11-22 12:39:16.228 [info] <0.44.0> Application lager started on node nonode@nohost
2020-11-22 12:39:16.231 [info] <0.44.0> Application xmerl started on node nonode@nohost
2020-11-22 12:39:16.235 [info] <0.44.0> Application sasl started on node nonode@nohost
2020-11-22 12:39:16.235 [info] <0.44.0> Application tools started on node nonode@nohost
2020-11-22 12:39:16.235 [info] <0.44.0> Application jsx started on node nonode@nohost
2020-11-22 12:39:16.240 [info] <0.44.0> Application ranch started on node nonode@nohost
2020-11-22 12:39:16.240 [info] <0.44.0> Application recon started on node nonode@nohost
2020-11-22 12:39:16.265 [info] <0.44.0> Application credentials_obfuscation started on node nonode@nohost
2020-11-22 12:39:16.265 [info] <0.44.0> Application rabbit_common started on node nonode@nohost
2020-11-22 12:39:16.270 [info] <0.44.0> Application amqp_client started on node nonode@nohost
2020-11-22 12:39:16.274 [info] <0.44.0> Application amqp started on node nonode@nohost
2020-11-22 12:39:16.290 [error] <0.456.0>@Elixir.GenServer:call Supervisor 'Elixir.ConferenceEvents.Repo' had child 'Elixir.DBConnection.ConnectionPool' started with 'Elixir.Ecto.Repo.Supervisor':start_child({'Elixir.DBConnection.ConnectionPool',start_link,[{'Elixir.Postgrex.Protocol',[{types,'Elixir.Postgrex.DefaultTypes'},...]}]}, 'Elixir.Ecto.Adapters.Postgres', #{cache => #Ref<0.1884732957.4115005445.42788>,opts => [{timeout,15000},{pool_size,10},{pool,'Elixir.DBConnection.ConnectionPool'}],...}) at undefined exit with reason no such process or port in call to 'Elixir.GenServer':call('Elixir.DBConnection.Watcher', {watch,'Elixir.DBConnection.ConnectionPool.Supervisor',{'Elixir.DBConnection.ConnectionPool.Pool',...}}, infinity) in context start_error
2020-11-22 12:41:16.548 [info] <0.44.0> Application lager started on node nonode@nohost
2020-11-22 12:41:16.552 [info] <0.44.0> Application xmerl started on node nonode@nohost
2020-11-22 12:41:16.555 [info] <0.44.0> Application sasl started on node nonode@nohost
2020-11-22 12:41:16.556 [info] <0.44.0> Application tools started on node nonode@nohost
2020-11-22 12:41:16.556 [info] <0.44.0> Application jsx started on node nonode@nohost
2020-11-22 12:41:16.559 [info] <0.44.0> Application ranch started on node nonode@nohost
2020-11-22 12:41:16.559 [info] <0.44.0> Application recon started on node nonode@nohost
2020-11-22 12:41:16.585 [info] <0.44.0> Application credentials_obfuscation started on node nonode@nohost
2020-11-22 12:41:16.585 [info] <0.44.0> Application rabbit_common started on node nonode@nohost
2020-11-22 12:41:16.591 [info] <0.44.0> Application amqp_client started on node nonode@nohost
2020-11-22 12:41:16.593 [info] <0.44.0> Application amqp started on node nonode@nohost
2020-11-22 12:41:16.594 [info] <0.44.0> Application decimal started on node nonode@nohost
2020-11-22 12:41:16.596 [info] <0.44.0> Application ecto started on node nonode@nohost
2020-11-22 12:41:16.598 [info] <0.44.0> Application phoenix_ecto started on node nonode@nohost
2020-11-22 12:41:16.598 [info] <0.44.0> Application connection started on node nonode@nohost
2020-11-22 12:41:16.603 [info] <0.44.0> Application db_connection started on node nonode@nohost
2020-11-22 12:41:16.604 [info] <0.44.0> Application ecto_sql started on node nonode@nohost
2020-11-22 12:41:16.611 [info] <0.44.0> Application postgrex started on node nonode@nohost
2020-11-22 12:41:16.611 [info] <0.44.0> Application phoenix_html started on node nonode@nohost
2020-11-22 12:41:16.611 [info] <0.44.0> Application file_system started on node nonode@nohost
2020-11-22 12:41:16.622 [info] <0.44.0> Application phoenix_live_reload started on node nonode@nohost
2020-11-22 12:41:16.623 [info] <0.44.0> Application phoenix_live_view started on node nonode@nohost
2020-11-22 12:41:16.623 [info] <0.44.0> Application telemetry_metrics started on node nonode@nohost
2020-11-22 12:41:16.626 [info] <0.44.0> Application phoenix_live_dashboard started on node nonode@nohost
2020-11-22 12:41:16.631 [info] <0.44.0> Application telemetry_poller started on node nonode@nohost
2020-11-22 12:41:16.631 [info] <0.44.0> Application jason started on node nonode@nohost
2020-11-22 12:41:16.631 [info] <0.44.0> Application cowlib started on node nonode@nohost
2020-11-22 12:41:16.637 [info] <0.44.0> Application cowboy started on node nonode@nohost
2020-11-22 12:41:16.637 [info] <0.44.0> Application cowboy_telemetry started on node nonode@nohost
2020-11-22 12:41:16.639 [info] <0.44.0> Application plug_cowboy started on node nonode@nohost
2020-11-22 12:41:16.720 [info] <0.44.0> Application conference_events started on node nonode@nohost
2020-11-22 12:41:29.415 [info] <0.44.0> Application lager started on node nonode@nohost
2020-11-22 12:41:29.419 [info] <0.44.0> Application xmerl started on node nonode@nohost
2020-11-22 12:41:29.422 [info] <0.44.0> Application sasl started on node nonode@nohost
2020-11-22 12:41:29.422 [info] <0.44.0> Application tools started on node nonode@nohost
2020-11-22 12:41:29.422 [info] <0.44.0> Application jsx started on node nonode@nohost
2020-11-22 12:41:29.427 [info] <0.44.0> Application ranch started on node nonode@nohost
2020-11-22 12:41:29.427 [info] <0.44.0> Application recon started on node nonode@nohost
2020-11-22 12:41:29.451 [info] <0.44.0> Application credentials_obfuscation started on node nonode@nohost
2020-11-22 12:41:29.451 [info] <0.44.0> Application rabbit_common started on node nonode@nohost
2020-11-22 12:41:29.459 [info] <0.44.0> Application amqp_client started on node nonode@nohost
2020-11-22 12:41:29.461 [info] <0.44.0> Application amqp started on node nonode@nohost
2020-11-22 12:41:29.461 [info] <0.44.0> Application decimal started on node nonode@nohost
2020-11-22 12:41:29.463 [info] <0.44.0> Application ecto started on node nonode@nohost
2020-11-22 12:41:29.464 [info] <0.44.0> Application phoenix_ecto started on node nonode@nohost
2020-11-22 12:41:29.465 [info] <0.44.0> Application connection started on node nonode@nohost
2020-11-22 12:41:29.469 [info] <0.44.0> Application db_connection started on node nonode@nohost
2020-11-22 12:41:29.470 [info] <0.44.0> Application ecto_sql started on node nonode@nohost
2020-11-22 12:41:29.478 [info] <0.44.0> Application postgrex started on node nonode@nohost
2020-11-22 12:41:29.479 [info] <0.44.0> Application phoenix_html started on node nonode@nohost
2020-11-22 12:41:29.479 [info] <0.44.0> Application file_system started on node nonode@nohost
2020-11-22 12:41:29.487 [info] <0.44.0> Application phoenix_live_reload started on node nonode@nohost
2020-11-22 12:41:29.488 [info] <0.44.0> Application phoenix_live_view started on node nonode@nohost
2020-11-22 12:41:29.488 [info] <0.44.0> Application telemetry_metrics started on node nonode@nohost
2020-11-22 12:41:29.492 [info] <0.44.0> Application phoenix_live_dashboard started on node nonode@nohost
2020-11-22 12:41:29.495 [info] <0.44.0> Application telemetry_poller started on node nonode@nohost
2020-11-22 12:41:29.496 [info] <0.44.0> Application jason started on node nonode@nohost
2020-11-22 12:41:29.496 [info] <0.44.0> Application cowlib started on node nonode@nohost
2020-11-22 12:41:29.501 [info] <0.44.0> Application cowboy started on node nonode@nohost
2020-11-22 12:41:29.501 [info] <0.44.0> Application cowboy_telemetry started on node nonode@nohost
2020-11-22 12:41:29.503 [info] <0.44.0> Application plug_cowboy started on node nonode@nohost
2020-11-22 12:41:29.613 [info] <0.44.0> Application conference_events started on node nonode@nohost
2020-11-22 12:42:06.682 [info] <0.44.0> Application lager started on node nonode@nohost
2020-11-22 12:42:06.685 [info] <0.44.0> Application xmerl started on node nonode@nohost
2020-11-22 12:42:06.689 [info] <0.44.0> Application sasl started on node nonode@nohost
2020-11-22 12:42:06.689 [info] <0.44.0> Application tools started on node nonode@nohost
2020-11-22 12:42:06.690 [info] <0.44.0> Application jsx started on node nonode@nohost
2020-11-22 12:42:06.694 [info] <0.44.0> Application ranch started on node nonode@nohost
2020-11-22 12:42:06.694 [info] <0.44.0> Application recon started on node nonode@nohost
2020-11-22 12:42:06.718 [info] <0.44.0> Application credentials_obfuscation started on node nonode@nohost
2020-11-22 12:42:06.719 [info] <0.44.0> Application rabbit_common started on node nonode@nohost
2020-11-22 12:42:06.725 [info] <0.44.0> Application amqp_client started on node nonode@nohost
2020-11-22 12:42:06.727 [info] <0.44.0> Application amqp started on node nonode@nohost
2020-11-22 12:42:06.728 [info] <0.44.0> Application decimal started on node nonode@nohost
2020-11-22 12:42:06.730 [info] <0.44.0> Application ecto started on node nonode@nohost
2020-11-22 12:42:06.731 [info] <0.44.0> Application phoenix_ecto started on node nonode@nohost
2020-11-22 12:42:06.731 [info] <0.44.0> Application connection started on node nonode@nohost
2020-11-22 12:42:06.735 [info] <0.44.0> Application db_connection started on node nonode@nohost
2020-11-22 12:42:06.737 [info] <0.44.0> Application ecto_sql started on node nonode@nohost
2020-11-22 12:42:06.745 [info] <0.44.0> Application postgrex started on node nonode@nohost
2020-11-22 12:42:06.746 [info] <0.44.0> Application phoenix_html started on node nonode@nohost
2020-11-22 12:42:06.746 [info] <0.44.0> Application file_system started on node nonode@nohost
2020-11-22 12:42:06.755 [info] <0.44.0> Application phoenix_live_reload started on node nonode@nohost
2020-11-22 12:42:06.756 [info] <0.44.0> Application phoenix_live_view started on node nonode@nohost
2020-11-22 12:42:06.756 [info] <0.44.0> Application telemetry_metrics started on node nonode@nohost
2020-11-22 12:42:06.759 [info] <0.44.0> Application phoenix_live_dashboard started on node nonode@nohost
2020-11-22 12:42:06.762 [info] <0.44.0> Application telemetry_poller started on node nonode@nohost
2020-11-22 12:42:06.763 [info] <0.44.0> Application jason started on node nonode@nohost
2020-11-22 12:42:06.763 [info] <0.44.0> Application cowlib started on node nonode@nohost
2020-11-22 12:42:06.767 [info] <0.44.0> Application cowboy started on node nonode@nohost
2020-11-22 12:42:06.767 [info] <0.44.0> Application cowboy_telemetry started on node nonode@nohost
2020-11-22 12:42:06.769 [info] <0.44.0> Application plug_cowboy started on node nonode@nohost
2020-11-22 12:42:06.866 [info] <0.44.0> Application conference_events started on node nonode@nohost
2020-11-22 12:43:14.775 [info] <0.44.0> Application lager started on node nonode@nohost
2020-11-22 12:43:14.778 [info] <0.44.0> Application xmerl started on node nonode@nohost
2020-11-22 12:43:14.782 [info] <0.44.0> Application sasl started on node nonode@nohost
2020-11-22 12:43:14.782 [info] <0.44.0> Application tools started on node nonode@nohost
2020-11-22 12:43:14.782 [info] <0.44.0> Application jsx started on node nonode@nohost
2020-11-22 12:43:14.787 [info] <0.44.0> Application ranch started on node nonode@nohost
2020-11-22 12:43:14.787 [info] <0.44.0> Application recon started on node nonode@nohost
2020-11-22 12:43:14.814 [info] <0.44.0> Application credentials_obfuscation started on node nonode@nohost
2020-11-22 12:43:14.814 [info] <0.44.0> Application rabbit_common started on node nonode@nohost
2020-11-22 12:43:14.821 [info] <0.44.0> Application amqp_client started on node nonode@nohost
2020-11-22 12:43:14.824 [info] <0.44.0> Application amqp started on node nonode@nohost
2020-11-22 12:43:14.824 [info] <0.44.0> Application decimal started on node nonode@nohost
2020-11-22 12:43:14.827 [info] <0.44.0> Application ecto started on node nonode@nohost
2020-11-22 12:43:14.828 [info] <0.44.0> Application phoenix_ecto started on node nonode@nohost
2020-11-22 12:43:14.828 [info] <0.44.0> Application connection started on node nonode@nohost
2020-11-22 12:43:14.832 [info] <0.44.0> Application db_connection started on node nonode@nohost
2020-11-22 12:43:14.833 [info] <0.44.0> Application ecto_sql started on node nonode@nohost
2020-11-22 12:43:14.843 [info] <0.44.0> Application postgrex started on node nonode@nohost
2020-11-22 12:43:14.843 [info] <0.44.0> Application phoenix_html started on node nonode@nohost
2020-11-22 12:43:14.844 [info] <0.44.0> Application file_system started on node nonode@nohost
2020-11-22 12:43:14.853 [info] <0.44.0> Application phoenix_live_reload started on node nonode@nohost
2020-11-22 12:43:14.855 [info] <0.44.0> Application phoenix_live_view started on node nonode@nohost
2020-11-22 12:43:14.855 [info] <0.44.0> Application telemetry_metrics started on node nonode@nohost
2020-11-22 12:43:14.860 [info] <0.44.0> Application phoenix_live_dashboard started on node nonode@nohost
2020-11-22 12:43:14.864 [info] <0.44.0> Application telemetry_poller started on node nonode@nohost
2020-11-22 12:43:14.865 [info] <0.44.0> Application jason started on node nonode@nohost
2020-11-22 12:43:14.865 [info] <0.44.0> Application cowlib started on node nonode@nohost
2020-11-22 12:43:14.871 [info] <0.44.0> Application cowboy started on node nonode@nohost
2020-11-22 12:43:14.871 [info] <0.44.0> Application cowboy_telemetry started on node nonode@nohost
2020-11-22 12:43:14.873 [info] <0.44.0> Application plug_cowboy started on node nonode@nohost
2020-11-22 12:43:14.982 [info] <0.44.0> Application conference_events started on node nonode@nohost
2020-11-22 12:44:01.654 [info] <0.44.0> Application lager started on node nonode@nohost
2020-11-22 12:44:01.657 [info] <0.44.0> Application xmerl started on node nonode@nohost
2020-11-22 12:44:01.661 [info] <0.44.0> Application sasl started on node nonode@nohost
2020-11-22 12:44:01.661 [info] <0.44.0> Application tools started on node nonode@nohost
2020-11-22 12:44:01.661 [info] <0.44.0> Application jsx started on node nonode@nohost
2020-11-22 12:44:01.666 [info] <0.44.0> Application ranch started on node nonode@nohost
2020-11-22 12:44:01.666 [info] <0.44.0> Application recon started on node nonode@nohost
2020-11-22 12:44:01.692 [info] <0.44.0> Application credentials_obfuscation started on node nonode@nohost
2020-11-22 12:44:01.693 [info] <0.44.0> Application rabbit_common started on node nonode@nohost
2020-11-22 12:44:01.699 [info] <0.44.0> Application amqp_client started on node nonode@nohost
2020-11-22 12:44:01.701 [info] <0.44.0> Application amqp started on node nonode@nohost
2020-11-22 12:44:01.701 [info] <0.44.0> Application decimal started on node nonode@nohost
2020-11-22 12:44:01.703 [info] <0.44.0> Application ecto started on node nonode@nohost
2020-11-22 12:44:01.704 [info] <0.44.0> Application phoenix_ecto started on node nonode@nohost
2020-11-22 12:44:01.704 [info] <0.44.0> Application connection started on node nonode@nohost
2020-11-22 12:44:01.708 [info] <0.44.0> Application db_connection started on node nonode@nohost
2020-11-22 12:44:01.709 [info] <0.44.0> Application ecto_sql started on node nonode@nohost
2020-11-22 12:44:01.717 [info] <0.44.0> Application postgrex started on node nonode@nohost
2020-11-22 12:44:01.717 [info] <0.44.0> Application phoenix_html started on node nonode@nohost
2020-11-22 12:44:01.717 [info] <0.44.0> Application file_system started on node nonode@nohost
2020-11-22 12:44:01.727 [info] <0.44.0> Application phoenix_live_reload started on node nonode@nohost
2020-11-22 12:44:01.728 [info] <0.44.0> Application phoenix_live_view started on node nonode@nohost
2020-11-22 12:44:01.728 [info] <0.44.0> Application telemetry_metrics started on node nonode@nohost
2020-11-22 12:44:01.732 [info] <0.44.0> Application phoenix_live_dashboard started on node nonode@nohost
2020-11-22 12:44:01.735 [info] <0.44.0> Application telemetry_poller started on node nonode@nohost
2020-11-22 12:44:01.735 [info] <0.44.0> Application jason started on node nonode@nohost
2020-11-22 12:44:01.735 [info] <0.44.0> Application cowlib started on node nonode@nohost
2020-11-22 12:44:01.740 [info] <0.44.0> Application cowboy started on node nonode@nohost
2020-11-22 12:44:01.741 [info] <0.44.0> Application cowboy_telemetry started on node nonode@nohost
2020-11-22 12:44:01.743 [info] <0.44.0> Application plug_cowboy started on node nonode@nohost
2020-11-22 12:44:01.840 [info] <0.44.0> Application conference_events started on node nonode@nohost
2020-11-22 12:45:03.535 [info] <0.44.0> Application lager started on node nonode@nohost
2020-11-22 12:45:03.538 [info] <0.44.0> Application xmerl started on node nonode@nohost
2020-11-22 12:45:03.542 [info] <0.44.0> Application sasl started on node nonode@nohost
2020-11-22 12:45:03.542 [info] <0.44.0> Application tools started on node nonode@nohost
2020-11-22 12:45:03.542 [info] <0.44.0> Application jsx started on node nonode@nohost
2020-11-22 12:45:03.547 [info] <0.44.0> Application ranch started on node nonode@nohost
2020-11-22 12:45:03.547 [info] <0.44.0> Application recon started on node nonode@nohost
2020-11-22 12:45:03.573 [info] <0.44.0> Application credentials_obfuscation started on node nonode@nohost
2020-11-22 12:45:03.573 [info] <0.44.0> Application rabbit_common started on node nonode@nohost
2020-11-22 12:45:03.580 [info] <0.44.0> Application amqp_client started on node nonode@nohost
2020-11-22 12:45:03.582 [info] <0.44.0> Application amqp started on node nonode@nohost
2020-11-22 12:45:03.582 [info] <0.44.0> Application decimal started on node nonode@nohost
2020-11-22 12:45:03.584 [info] <0.44.0> Application ecto started on node nonode@nohost
2020-11-22 12:45:03.585 [info] <0.44.0> Application phoenix_ecto started on node nonode@nohost
2020-11-22 12:45:03.585 [info] <0.44.0> Application connection started on node nonode@nohost
2020-11-22 12:45:03.601 [info] <0.44.0> Application db_connection started on node nonode@nohost
2020-11-22 12:45:03.602 [info] <0.44.0> Application ecto_sql started on node nonode@nohost
2020-11-22 12:45:03.611 [info] <0.44.0> Application postgrex started on node nonode@nohost
2020-11-22 12:45:03.611 [info] <0.44.0> Application phoenix_html started on node nonode@nohost
2020-11-22 12:45:03.611 [info] <0.44.0> Application file_system started on node nonode@nohost
2020-11-22 12:45:03.621 [info] <0.44.0> Application phoenix_live_reload started on node nonode@nohost
2020-11-22 12:45:03.623 [info] <0.44.0> Application phoenix_live_view started on node nonode@nohost
2020-11-22 12:45:03.624 [info] <0.44.0> Application telemetry_metrics started on node nonode@nohost
2020-11-22 12:45:03.627 [info] <0.44.0> Application phoenix_live_dashboard started on node nonode@nohost
2020-11-22 12:45:03.631 [info] <0.44.0> Application telemetry_poller started on node nonode@nohost
2020-11-22 12:45:03.631 [info] <0.44.0> Application jason started on node nonode@nohost
2020-11-22 12:45:03.631 [info] <0.44.0> Application cowlib started on node nonode@nohost
2020-11-22 12:45:03.635 [info] <0.44.0> Application cowboy started on node nonode@nohost
2020-11-22 12:45:03.635 [info] <0.44.0> Application cowboy_telemetry started on node nonode@nohost
2020-11-22 12:45:03.636 [info] <0.44.0> Application plug_cowboy started on node nonode@nohost
2020-11-22 12:45:03.734 [info] <0.44.0> Application conference_events started on node nonode@nohost
2020-11-22 13:19:19.303 [info] <0.44.0> Application lager started on node nonode@nohost
2020-11-22 13:19:19.306 [info] <0.44.0> Application xmerl started on node nonode@nohost
2020-11-22 13:19:19.309 [info] <0.44.0> Application sasl started on node nonode@nohost
2020-11-22 13:19:19.309 [info] <0.44.0> Application tools started on node nonode@nohost
2020-11-22 13:19:19.310 [info] <0.44.0> Application jsx started on node nonode@nohost
2020-11-22 13:19:19.314 [info] <0.44.0> Application ranch started on node nonode@nohost
2020-11-22 13:19:19.314 [info] <0.44.0> Application recon started on node nonode@nohost
2020-11-22 13:19:19.338 [info] <0.44.0> Application credentials_obfuscation started on node nonode@nohost
2020-11-22 13:19:19.338 [info] <0.44.0> Application rabbit_common started on node nonode@nohost
2020-11-22 13:19:19.344 [info] <0.44.0> Application amqp_client started on node nonode@nohost
2020-11-22 13:19:19.347 [info] <0.44.0> Application amqp started on node nonode@nohost
2020-11-22 13:19:19.347 [info] <0.44.0> Application decimal started on node nonode@nohost
2020-11-22 13:19:19.350 [info] <0.44.0> Application ecto started on node nonode@nohost
2020-11-22 13:19:19.351 [info] <0.44.0> Application phoenix_ecto started on node nonode@nohost
2020-11-22 13:19:19.351 [info] <0.44.0> Application connection started on node nonode@nohost
2020-11-22 13:19:19.356 [info] <0.44.0> Application db_connection started on node nonode@nohost
2020-11-22 13:19:19.357 [info] <0.44.0> Application ecto_sql started on node nonode@nohost
2020-11-22 13:19:19.364 [info] <0.44.0> Application postgrex started on node nonode@nohost
2020-11-22 13:19:19.364 [info] <0.44.0> Application phoenix_html started on node nonode@nohost
2020-11-22 13:19:19.364 [info] <0.44.0> Application file_system started on node nonode@nohost
2020-11-22 13:19:19.373 [info] <0.44.0> Application phoenix_live_reload started on node nonode@nohost
2020-11-22 13:19:19.373 [info] <0.44.0> Application phoenix_live_view started on node nonode@nohost
2020-11-22 13:19:19.373 [info] <0.44.0> Application telemetry_metrics started on node nonode@nohost
2020-11-22 13:19:19.376 [info] <0.44.0> Application phoenix_live_dashboard started on node nonode@nohost
2020-11-22 13:19:19.380 [info] <0.44.0> Application telemetry_poller started on node nonode@nohost
2020-11-22 13:19:19.380 [info] <0.44.0> Application jason started on node nonode@nohost
2020-11-22 13:19:19.380 [info] <0.44.0> Application cowlib started on node nonode@nohost
2020-11-22 13:19:19.384 [info] <0.44.0> Application cowboy started on node nonode@nohost
2020-11-22 13:19:19.384 [info] <0.44.0> Application cowboy_telemetry started on node nonode@nohost
2020-11-22 13:19:19.386 [info] <0.44.0> Application plug_cowboy started on node nonode@nohost
2020-11-22 13:19:19.487 [info] <0.44.0> Application conference_events started on node nonode@nohost
2020-11-22 15:22:59.029 [info] <0.44.0> Application lager started on node nonode@nohost
2020-11-22 15:22:59.032 [info] <0.44.0> Application xmerl started on node nonode@nohost
2020-11-22 15:22:59.036 [info] <0.44.0> Application sasl started on node nonode@nohost
2020-11-22 15:22:59.036 [info] <0.44.0> Application tools started on node nonode@nohost
2020-11-22 15:22:59.036 [info] <0.44.0> Application jsx started on node nonode@nohost
2020-11-22 15:22:59.041 [info] <0.44.0> Application ranch started on node nonode@nohost
2020-11-22 15:22:59.041 [info] <0.44.0> Application recon started on node nonode@nohost
2020-11-22 15:22:59.069 [info] <0.44.0> Application credentials_obfuscation started on node nonode@nohost
2020-11-22 15:22:59.069 [info] <0.44.0> Application rabbit_common started on node nonode@nohost
2020-11-22 15:22:59.077 [info] <0.44.0> Application amqp_client started on node nonode@nohost
2020-11-22 15:22:59.079 [info] <0.44.0> Application amqp started on node nonode@nohost
2020-11-22 15:22:59.079 [info] <0.44.0> Application decimal started on node nonode@nohost
2020-11-22 15:22:59.082 [info] <0.44.0> Application ecto started on node nonode@nohost
2020-11-22 15:22:59.083 [info] <0.44.0> Application phoenix_ecto started on node nonode@nohost
2020-11-22 15:22:59.083 [info] <0.44.0> Application connection started on node nonode@nohost
2020-11-22 15:22:59.088 [info] <0.44.0> Application db_connection started on node nonode@nohost
2020-11-22 15:22:59.089 [info] <0.44.0> Application ecto_sql started on node nonode@nohost
2020-11-22 15:22:59.100 [info] <0.44.0> Application postgrex started on node nonode@nohost
2020-11-22 15:22:59.100 [info] <0.44.0> Application phoenix_html started on node nonode@nohost
2020-11-22 15:22:59.100 [info] <0.44.0> Application file_system started on node nonode@nohost
2020-11-22 15:22:59.110 [info] <0.44.0> Application phoenix_live_reload started on node nonode@nohost
2020-11-22 15:22:59.111 [info] <0.44.0> Application phoenix_live_view started on node nonode@nohost
2020-11-22 15:22:59.111 [info] <0.44.0> Application telemetry_metrics started on node nonode@nohost
2020-11-22 15:22:59.117 [info] <0.44.0> Application phoenix_live_dashboard started on node nonode@nohost
2020-11-22 15:22:59.122 [info] <0.44.0> Application telemetry_poller started on node nonode@nohost
2020-11-22 15:22:59.122 [info] <0.44.0> Application jason started on node nonode@nohost
2020-11-22 15:22:59.122 [info] <0.44.0> Application cowlib started on node nonode@nohost
2020-11-22 15:22:59.129 [info] <0.44.0> Application cowboy started on node nonode@nohost
2020-11-22 15:22:59.129 [info] <0.44.0> Application cowboy_telemetry started on node nonode@nohost
2020-11-22 15:22:59.131 [info] <0.44.0> Application plug_cowboy started on node nonode@nohost
2020-11-22 15:22:59.201 [info] <0.44.0> Application conference_events started on node nonode@nohost
2020-11-22 15:24:00.529 [info] <0.44.0> Application lager started on node nonode@nohost
2020-11-22 15:24:00.532 [info] <0.44.0> Application xmerl started on node nonode@nohost
2020-11-22 15:24:00.535 [info] <0.44.0> Application sasl started on node nonode@nohost
2020-11-22 15:24:00.535 [info] <0.44.0> Application tools started on node nonode@nohost
2020-11-22 15:24:00.535 [info] <0.44.0> Application jsx started on node nonode@nohost
2020-11-22 15:24:00.540 [info] <0.44.0> Application ranch started on node nonode@nohost
2020-11-22 15:24:00.540 [info] <0.44.0> Application recon started on node nonode@nohost
2020-11-22 15:24:00.564 [info] <0.44.0> Application credentials_obfuscation started on node nonode@nohost
2020-11-22 15:24:00.564 [info] <0.44.0> Application rabbit_common started on node nonode@nohost
2020-11-22 15:24:00.570 [info] <0.44.0> Application amqp_client started on node nonode@nohost
2020-11-22 15:24:00.573 [info] <0.44.0> Application amqp started on node nonode@nohost
2020-11-22 15:24:00.573 [info] <0.44.0> Application decimal started on node nonode@nohost
2020-11-22 15:24:00.576 [info] <0.44.0> Application ecto started on node nonode@nohost
2020-11-22 15:24:00.577 [info] <0.44.0> Application phoenix_ecto started on node nonode@nohost
2020-11-22 15:24:00.577 [info] <0.44.0> Application connection started on node nonode@nohost
2020-11-22 15:24:00.582 [info] <0.44.0> Application db_connection started on node nonode@nohost
2020-11-22 15:24:00.583 [info] <0.44.0> Application ecto_sql started on node nonode@nohost
2020-11-22 15:24:00.593 [info] <0.44.0> Application postgrex started on node nonode@nohost
2020-11-22 15:24:00.593 [info] <0.44.0> Application phoenix_html started on node nonode@nohost
2020-11-22 15:24:00.593 [info] <0.44.0> Application file_system started on node nonode@nohost
2020-11-22 15:24:00.601 [info] <0.44.0> Application phoenix_live_reload started on node nonode@nohost
2020-11-22 15:24:00.602 [info] <0.44.0> Application phoenix_live_view started on node nonode@nohost
2020-11-22 15:24:00.602 [info] <0.44.0> Application telemetry_metrics started on node nonode@nohost
2020-11-22 15:24:00.605 [info] <0.44.0> Application phoenix_live_dashboard started on node nonode@nohost
2020-11-22 15:24:00.608 [info] <0.44.0> Application telemetry_poller started on node nonode@nohost
2020-11-22 15:24:00.608 [info] <0.44.0> Application jason started on node nonode@nohost
2020-11-22 15:24:00.608 [info] <0.44.0> Application cowlib started on node nonode@nohost
2020-11-22 15:24:00.613 [info] <0.44.0> Application cowboy started on node nonode@nohost
2020-11-22 15:24:00.613 [info] <0.44.0> Application cowboy_telemetry started on node nonode@nohost
2020-11-22 15:24:00.614 [info] <0.44.0> Application plug_cowboy started on node nonode@nohost
2020-11-22 15:24:00.679 [info] <0.44.0> Application conference_events started on node nonode@nohost
2020-11-22 15:28:37.939 [info] <0.44.0> Application lager started on node nonode@nohost
2020-11-22 15:28:37.943 [info] <0.44.0> Application xmerl started on node nonode@nohost
2020-11-22 15:28:37.951 [info] <0.44.0> Application sasl started on node nonode@nohost
2020-11-22 15:28:37.951 [info] <0.44.0> Application tools started on node nonode@nohost
2020-11-22 15:28:37.951 [info] <0.44.0> Application jsx started on node nonode@nohost
2020-11-22 15:28:37.957 [info] <0.44.0> Application ranch started on node nonode@nohost
2020-11-22 15:28:37.957 [info] <0.44.0> Application recon started on node nonode@nohost
2020-11-22 15:28:37.983 [info] <0.44.0> Application credentials_obfuscation started on node nonode@nohost
2020-11-22 15:28:37.983 [info] <0.44.0> Application rabbit_common started on node nonode@nohost
2020-11-22 15:28:37.991 [info] <0.44.0> Application amqp_client started on node nonode@nohost
2020-11-22 15:28:37.993 [info] <0.44.0> Application amqp started on node nonode@nohost
2020-11-22 15:28:37.993 [info] <0.44.0> Application decimal started on node nonode@nohost
2020-11-22 15:28:37.996 [info] <0.44.0> Application ecto started on node nonode@nohost
2020-11-22 15:28:37.997 [info] <0.44.0> Application phoenix_ecto started on node nonode@nohost
2020-11-22 15:28:37.997 [info] <0.44.0> Application connection started on node nonode@nohost
2020-11-22 15:28:38.002 [info] <0.44.0> Application db_connection started on node nonode@nohost
2020-11-22 15:28:38.003 [info] <0.44.0> Application ecto_sql started on node nonode@nohost
2020-11-22 15:28:38.014 [info] <0.44.0> Application postgrex started on node nonode@nohost
2020-11-22 15:28:38.014 [info] <0.44.0> Application phoenix_html started on node nonode@nohost
2020-11-22 15:28:38.014 [info] <0.44.0> Application file_system started on node nonode@nohost
2020-11-22 15:28:38.024 [info] <0.44.0> Application phoenix_live_reload started on node nonode@nohost
2020-11-22 15:28:38.025 [info] <0.44.0> Application phoenix_live_view started on node nonode@nohost
2020-11-22 15:28:38.025 [info] <0.44.0> Application telemetry_metrics started on node nonode@nohost
2020-11-22 15:28:38.029 [info] <0.44.0> Application phoenix_live_dashboard started on node nonode@nohost
2020-11-22 15:28:38.035 [info] <0.44.0> Application telemetry_poller started on node nonode@nohost
2020-11-22 15:28:38.035 [info] <0.44.0> Application jason started on node nonode@nohost
2020-11-22 15:28:38.035 [info] <0.44.0> Application cowlib started on node nonode@nohost
2020-11-22 15:28:38.041 [info] <0.44.0> Application cowboy started on node nonode@nohost
2020-11-22 15:28:38.041 [info] <0.44.0> Application cowboy_telemetry started on node nonode@nohost
2020-11-22 15:28:38.042 [info] <0.44.0> Application plug_cowboy started on node nonode@nohost
2020-11-22 15:28:38.118 [info] <0.44.0> Application conference_events started on node nonode@nohost
