2020-11-22 11:52:32 =SUPERVISOR REPORT====
     Supervisor: {local,'Elixir.ConferenceEvents.Repo'}
     Context:    start_error
     Reason:     {noproc,{'Elixir.GenServer',call,['Elixir.DBConnection.Watcher',{watch,'Elixir.DBConnection.ConnectionPool.Supervisor',{'Elixir.DBConnection.ConnectionPool.Pool',{<0.457.0>,#Ref<0.1828040154.3033399302.224563>,'Elixir.Postgrex.Protocol',[{types,'Elixir.Postgrex.DefaultTypes'},{port,5432},{repo,'Elixir.ConferenceEvents.Repo'},{telemetry_prefix,[conference_events,repo]},{otp_app,conference_events},{timeout,15000},{username,<<"phx_user">>},{password,<<>>},{database,<<"conference_events_dev">>},{hostname,<<"localhost">>},{show_sensitive_data_on_connection_error,true},{pool_size,10},{pool,'Elixir.DBConnection.ConnectionPool'}]}}},infinity]}}
     Offender:   [{pid,undefined},{id,'Elixir.DBConnection.ConnectionPool'},{mfargs,{'Elixir.Ecto.Repo.Supervisor',start_child,[{'Elixir.DBConnection.ConnectionPool',start_link,[{'Elixir.Postgrex.Protocol',[{types,'Elixir.Postgrex.DefaultTypes'},{port,5432},{repo,'Elixir.ConferenceEvents.Repo'},{telemetry_prefix,[conference_events,repo]},{otp_app,conference_events},{timeout,15000},{username,<<"phx_user">>},{password,<<>>},{database,<<"conference_events_dev">>},{hostname,<<"localhost">>},{show_sensitive_data_on_connection_error,true},{pool_size,10},{pool,'Elixir.DBConnection.ConnectionPool'}]}]},'Elixir.Ecto.Adapters.Postgres',#{cache => #Ref<0.1828040154.3033399302.224562>,opts => [{timeout,15000},{pool_size,10},{pool,'Elixir.DBConnection.ConnectionPool'}],repo => 'Elixir.ConferenceEvents.Repo',sql => 'Elixir.Ecto.Adapters.Postgres.Connection',telemetry => {'Elixir.ConferenceEvents.Repo',debug,[conference_events,repo,query]}}]}},{restart_type,permanent},{shutdown,5000},{child_type,worker}]

2020-11-22 11:52:32 =SUPERVISOR REPORT====
     Supervisor: {local,'Elixir.ConferenceEvents.Supervisor'}
     Context:    start_error
     Reason:     {shutdown,{failed_to_start_child,'Elixir.DBConnection.ConnectionPool',{noproc,{'Elixir.GenServer',call,['Elixir.DBConnection.Watcher',{watch,'Elixir.DBConnection.ConnectionPool.Supervisor',{'Elixir.DBConnection.ConnectionPool.Pool',{<0.457.0>,#Ref<0.1828040154.3033399302.224563>,'Elixir.Postgrex.Protocol',[{types,'Elixir.Postgrex.DefaultTypes'},{port,5432},{repo,'Elixir.ConferenceEvents.Repo'},{telemetry_prefix,[conference_events,repo]},{otp_app,conference_events},{timeout,15000},{username,<<"phx_user">>},{password,<<>>},{database,<<"conference_events_dev">>},{hostname,<<"localhost">>},{show_sensitive_data_on_connection_error,true},{pool_size,10},{pool,'Elixir.DBConnection.ConnectionPool'}]}}},infinity]}}}}
     Offender:   [{pid,undefined},{id,'Elixir.ConferenceEvents.Repo'},{mfargs,{'Elixir.ConferenceEvents.Repo',start_link,[[]]}},{restart_type,permanent},{shutdown,infinity},{child_type,supervisor}]

2020-11-22 11:52:32 =CRASH REPORT====
  crasher:
    initial call: application_master:init/4
    pid: <0.453.0>
    registered_name: []
    exception exit: {{{shutdown,{failed_to_start_child,'Elixir.ConferenceEvents.Repo',{shutdown,{failed_to_start_child,'Elixir.DBConnection.ConnectionPool',{noproc,{'Elixir.GenServer',call,['Elixir.DBConnection.Watcher',{watch,'Elixir.DBConnection.ConnectionPool.Supervisor',{'Elixir.DBConnection.ConnectionPool.Pool',{<0.457.0>,#Ref<0.1828040154.3033399302.224563>,'Elixir.Postgrex.Protocol',[{types,'Elixir.Postgrex.DefaultTypes'},{port,5432},{repo,'Elixir.ConferenceEvents.Repo'},{telemetry_prefix,[conference_events,repo]},{otp_app,conference_events},{timeout,15000},{username,<<"phx_user">>},{password,<<>>},{database,<<"conference_events_dev">>},{hostname,<<"localhost">>},{show_sensitive_data_on_connection_error,true},{pool_size,10},{pool,'Elixir.DBConnection.ConnectionPool'}]}}},infinity]}}}}}},{'Elixir.ConferenceEvents.Application',start,[normal,[]]}},[{application_master,init,4,[{file,"application_master.erl"},{line,138}]},{proc_lib,init_p_do_apply,3,[{file,"proc_lib.erl"},{line,226}]}]}
    ancestors: [<0.452.0>]
    message_queue_len: 1
    messages: [{'EXIT',<0.454.0>,normal}]
    links: [<0.452.0>,<0.44.0>]
    dictionary: []
    trap_exit: true
    status: running
    heap_size: 610
    stack_size: 28
    reductions: 211
  neighbours:
2020-11-22 11:54:00 =SUPERVISOR REPORT====
     Supervisor: {local,'Elixir.ConferenceEvents.Repo'}
     Context:    start_error
     Reason:     {noproc,{'Elixir.GenServer',call,['Elixir.DBConnection.Watcher',{watch,'Elixir.DBConnection.ConnectionPool.Supervisor',{'Elixir.DBConnection.ConnectionPool.Pool',{<0.352.0>,#Ref<0.2862085496.1691222018.28398>,'Elixir.Postgrex.Protocol',[{types,'Elixir.Postgrex.DefaultTypes'},{port,5432},{repo,'Elixir.ConferenceEvents.Repo'},{telemetry_prefix,[conference_events,repo]},{otp_app,conference_events},{timeout,15000},{username,<<"phx_user">>},{password,<<>>},{database,<<"conference_events_dev">>},{hostname,<<"localhost">>},{show_sensitive_data_on_connection_error,true},{pool_size,10},{pool,'Elixir.DBConnection.ConnectionPool'}]}}},infinity]}}
     Offender:   [{pid,undefined},{id,'Elixir.DBConnection.ConnectionPool'},{mfargs,{'Elixir.Ecto.Repo.Supervisor',start_child,[{'Elixir.DBConnection.ConnectionPool',start_link,[{'Elixir.Postgrex.Protocol',[{types,'Elixir.Postgrex.DefaultTypes'},{port,5432},{repo,'Elixir.ConferenceEvents.Repo'},{telemetry_prefix,[conference_events,repo]},{otp_app,conference_events},{timeout,15000},{username,<<"phx_user">>},{password,<<>>},{database,<<"conference_events_dev">>},{hostname,<<"localhost">>},{show_sensitive_data_on_connection_error,true},{pool_size,10},{pool,'Elixir.DBConnection.ConnectionPool'}]}]},'Elixir.Ecto.Adapters.Postgres',#{cache => #Ref<0.2862085496.1691222018.28397>,opts => [{timeout,15000},{pool_size,10},{pool,'Elixir.DBConnection.ConnectionPool'}],repo => 'Elixir.ConferenceEvents.Repo',sql => 'Elixir.Ecto.Adapters.Postgres.Connection',telemetry => {'Elixir.ConferenceEvents.Repo',debug,[conference_events,repo,query]}}]}},{restart_type,permanent},{shutdown,5000},{child_type,worker}]

2020-11-22 11:54:00 =SUPERVISOR REPORT====
     Supervisor: {local,'Elixir.ConferenceEvents.Supervisor'}
     Context:    start_error
     Reason:     {shutdown,{failed_to_start_child,'Elixir.DBConnection.ConnectionPool',{noproc,{'Elixir.GenServer',call,['Elixir.DBConnection.Watcher',{watch,'Elixir.DBConnection.ConnectionPool.Supervisor',{'Elixir.DBConnection.ConnectionPool.Pool',{<0.352.0>,#Ref<0.2862085496.1691222018.28398>,'Elixir.Postgrex.Protocol',[{types,'Elixir.Postgrex.DefaultTypes'},{port,5432},{repo,'Elixir.ConferenceEvents.Repo'},{telemetry_prefix,[conference_events,repo]},{otp_app,conference_events},{timeout,15000},{username,<<"phx_user">>},{password,<<>>},{database,<<"conference_events_dev">>},{hostname,<<"localhost">>},{show_sensitive_data_on_connection_error,true},{pool_size,10},{pool,'Elixir.DBConnection.ConnectionPool'}]}}},infinity]}}}}
     Offender:   [{pid,undefined},{id,'Elixir.ConferenceEvents.Repo'},{mfargs,{'Elixir.ConferenceEvents.Repo',start_link,[[]]}},{restart_type,permanent},{shutdown,infinity},{child_type,supervisor}]

2020-11-22 11:54:00 =CRASH REPORT====
  crasher:
    initial call: application_master:init/4
    pid: <0.348.0>
    registered_name: []
    exception exit: {{{shutdown,{failed_to_start_child,'Elixir.ConferenceEvents.Repo',{shutdown,{failed_to_start_child,'Elixir.DBConnection.ConnectionPool',{noproc,{'Elixir.GenServer',call,['Elixir.DBConnection.Watcher',{watch,'Elixir.DBConnection.ConnectionPool.Supervisor',{'Elixir.DBConnection.ConnectionPool.Pool',{<0.352.0>,#Ref<0.2862085496.1691222018.28398>,'Elixir.Postgrex.Protocol',[{types,'Elixir.Postgrex.DefaultTypes'},{port,5432},{repo,'Elixir.ConferenceEvents.Repo'},{telemetry_prefix,[conference_events,repo]},{otp_app,conference_events},{timeout,15000},{username,<<"phx_user">>},{password,<<>>},{database,<<"conference_events_dev">>},{hostname,<<"localhost">>},{show_sensitive_data_on_connection_error,true},{pool_size,10},{pool,'Elixir.DBConnection.ConnectionPool'}]}}},infinity]}}}}}},{'Elixir.ConferenceEvents.Application',start,[normal,[]]}},[{application_master,init,4,[{file,"application_master.erl"},{line,138}]},{proc_lib,init_p_do_apply,3,[{file,"proc_lib.erl"},{line,226}]}]}
    ancestors: [<0.347.0>]
    message_queue_len: 1
    messages: [{'EXIT',<0.349.0>,normal}]
    links: [<0.347.0>,<0.44.0>]
    dictionary: []
    trap_exit: true
    status: running
    heap_size: 610
    stack_size: 28
    reductions: 211
  neighbours:
2020-11-22 11:54:53 =SUPERVISOR REPORT====
     Supervisor: {local,'Elixir.ConferenceEvents.Repo'}
     Context:    start_error
     Reason:     {noproc,{'Elixir.GenServer',call,['Elixir.DBConnection.Watcher',{watch,'Elixir.DBConnection.ConnectionPool.Supervisor',{'Elixir.DBConnection.ConnectionPool.Pool',{<0.457.0>,#Ref<0.4217895158.2228879361.209288>,'Elixir.Postgrex.Protocol',[{types,'Elixir.Postgrex.DefaultTypes'},{port,5432},{repo,'Elixir.ConferenceEvents.Repo'},{telemetry_prefix,[conference_events,repo]},{otp_app,conference_events},{timeout,15000},{username,<<"phx_user">>},{password,<<>>},{database,<<"conference_events_dev">>},{hostname,<<"localhost">>},{show_sensitive_data_on_connection_error,true},{pool_size,10},{pool,'Elixir.DBConnection.ConnectionPool'}]}}},infinity]}}
     Offender:   [{pid,undefined},{id,'Elixir.DBConnection.ConnectionPool'},{mfargs,{'Elixir.Ecto.Repo.Supervisor',start_child,[{'Elixir.DBConnection.ConnectionPool',start_link,[{'Elixir.Postgrex.Protocol',[{types,'Elixir.Postgrex.DefaultTypes'},{port,5432},{repo,'Elixir.ConferenceEvents.Repo'},{telemetry_prefix,[conference_events,repo]},{otp_app,conference_events},{timeout,15000},{username,<<"phx_user">>},{password,<<>>},{database,<<"conference_events_dev">>},{hostname,<<"localhost">>},{show_sensitive_data_on_connection_error,true},{pool_size,10},{pool,'Elixir.DBConnection.ConnectionPool'}]}]},'Elixir.Ecto.Adapters.Postgres',#{cache => #Ref<0.4217895158.2228879361.209287>,opts => [{timeout,15000},{pool_size,10},{pool,'Elixir.DBConnection.ConnectionPool'}],repo => 'Elixir.ConferenceEvents.Repo',sql => 'Elixir.Ecto.Adapters.Postgres.Connection',telemetry => {'Elixir.ConferenceEvents.Repo',debug,[conference_events,repo,query]}}]}},{restart_type,permanent},{shutdown,5000},{child_type,worker}]

2020-11-22 11:54:53 =SUPERVISOR REPORT====
     Supervisor: {local,'Elixir.ConferenceEvents.Supervisor'}
     Context:    start_error
     Reason:     {shutdown,{failed_to_start_child,'Elixir.DBConnection.ConnectionPool',{noproc,{'Elixir.GenServer',call,['Elixir.DBConnection.Watcher',{watch,'Elixir.DBConnection.ConnectionPool.Supervisor',{'Elixir.DBConnection.ConnectionPool.Pool',{<0.457.0>,#Ref<0.4217895158.2228879361.209288>,'Elixir.Postgrex.Protocol',[{types,'Elixir.Postgrex.DefaultTypes'},{port,5432},{repo,'Elixir.ConferenceEvents.Repo'},{telemetry_prefix,[conference_events,repo]},{otp_app,conference_events},{timeout,15000},{username,<<"phx_user">>},{password,<<>>},{database,<<"conference_events_dev">>},{hostname,<<"localhost">>},{show_sensitive_data_on_connection_error,true},{pool_size,10},{pool,'Elixir.DBConnection.ConnectionPool'}]}}},infinity]}}}}
     Offender:   [{pid,undefined},{id,'Elixir.ConferenceEvents.Repo'},{mfargs,{'Elixir.ConferenceEvents.Repo',start_link,[[]]}},{restart_type,permanent},{shutdown,infinity},{child_type,supervisor}]

2020-11-22 11:54:53 =CRASH REPORT====
  crasher:
    initial call: application_master:init/4
    pid: <0.453.0>
    registered_name: []
    exception exit: {{{shutdown,{failed_to_start_child,'Elixir.ConferenceEvents.Repo',{shutdown,{failed_to_start_child,'Elixir.DBConnection.ConnectionPool',{noproc,{'Elixir.GenServer',call,['Elixir.DBConnection.Watcher',{watch,'Elixir.DBConnection.ConnectionPool.Supervisor',{'Elixir.DBConnection.ConnectionPool.Pool',{<0.457.0>,#Ref<0.4217895158.2228879361.209288>,'Elixir.Postgrex.Protocol',[{types,'Elixir.Postgrex.DefaultTypes'},{port,5432},{repo,'Elixir.ConferenceEvents.Repo'},{telemetry_prefix,[conference_events,repo]},{otp_app,conference_events},{timeout,15000},{username,<<"phx_user">>},{password,<<>>},{database,<<"conference_events_dev">>},{hostname,<<"localhost">>},{show_sensitive_data_on_connection_error,true},{pool_size,10},{pool,'Elixir.DBConnection.ConnectionPool'}]}}},infinity]}}}}}},{'Elixir.ConferenceEvents.Application',start,[normal,[]]}},[{application_master,init,4,[{file,"application_master.erl"},{line,138}]},{proc_lib,init_p_do_apply,3,[{file,"proc_lib.erl"},{line,226}]}]}
    ancestors: [<0.452.0>]
    message_queue_len: 1
    messages: [{'EXIT',<0.454.0>,normal}]
    links: [<0.452.0>,<0.44.0>]
    dictionary: []
    trap_exit: true
    status: running
    heap_size: 610
    stack_size: 28
    reductions: 211
  neighbours:
2020-11-22 12:10:27 =SUPERVISOR REPORT====
     Supervisor: {local,'Elixir.ConferenceEvents.Repo'}
     Context:    start_error
     Reason:     {noproc,{'Elixir.GenServer',call,['Elixir.DBConnection.Watcher',{watch,'Elixir.DBConnection.ConnectionPool.Supervisor',{'Elixir.DBConnection.ConnectionPool.Pool',{<0.457.0>,#Ref<0.235532912.3842113538.119558>,'Elixir.Postgrex.Protocol',[{types,'Elixir.Postgrex.DefaultTypes'},{port,5432},{repo,'Elixir.ConferenceEvents.Repo'},{telemetry_prefix,[conference_events,repo]},{otp_app,conference_events},{timeout,15000},{username,<<"phx_user">>},{password,<<>>},{database,<<"conference_events_dev">>},{hostname,<<"localhost">>},{show_sensitive_data_on_connection_error,true},{pool_size,10},{pool,'Elixir.DBConnection.ConnectionPool'}]}}},infinity]}}
     Offender:   [{pid,undefined},{id,'Elixir.DBConnection.ConnectionPool'},{mfargs,{'Elixir.Ecto.Repo.Supervisor',start_child,[{'Elixir.DBConnection.ConnectionPool',start_link,[{'Elixir.Postgrex.Protocol',[{types,'Elixir.Postgrex.DefaultTypes'},{port,5432},{repo,'Elixir.ConferenceEvents.Repo'},{telemetry_prefix,[conference_events,repo]},{otp_app,conference_events},{timeout,15000},{username,<<"phx_user">>},{password,<<>>},{database,<<"conference_events_dev">>},{hostname,<<"localhost">>},{show_sensitive_data_on_connection_error,true},{pool_size,10},{pool,'Elixir.DBConnection.ConnectionPool'}]}]},'Elixir.Ecto.Adapters.Postgres',#{cache => #Ref<0.235532912.3842113538.119557>,opts => [{timeout,15000},{pool_size,10},{pool,'Elixir.DBConnection.ConnectionPool'}],repo => 'Elixir.ConferenceEvents.Repo',sql => 'Elixir.Ecto.Adapters.Postgres.Connection',telemetry => {'Elixir.ConferenceEvents.Repo',debug,[conference_events,repo,query]}}]}},{restart_type,permanent},{shutdown,5000},{child_type,worker}]

2020-11-22 12:10:27 =SUPERVISOR REPORT====
     Supervisor: {local,'Elixir.ConferenceEvents.Supervisor'}
     Context:    start_error
     Reason:     {shutdown,{failed_to_start_child,'Elixir.DBConnection.ConnectionPool',{noproc,{'Elixir.GenServer',call,['Elixir.DBConnection.Watcher',{watch,'Elixir.DBConnection.ConnectionPool.Supervisor',{'Elixir.DBConnection.ConnectionPool.Pool',{<0.457.0>,#Ref<0.235532912.3842113538.119558>,'Elixir.Postgrex.Protocol',[{types,'Elixir.Postgrex.DefaultTypes'},{port,5432},{repo,'Elixir.ConferenceEvents.Repo'},{telemetry_prefix,[conference_events,repo]},{otp_app,conference_events},{timeout,15000},{username,<<"phx_user">>},{password,<<>>},{database,<<"conference_events_dev">>},{hostname,<<"localhost">>},{show_sensitive_data_on_connection_error,true},{pool_size,10},{pool,'Elixir.DBConnection.ConnectionPool'}]}}},infinity]}}}}
     Offender:   [{pid,undefined},{id,'Elixir.ConferenceEvents.Repo'},{mfargs,{'Elixir.ConferenceEvents.Repo',start_link,[[]]}},{restart_type,permanent},{shutdown,infinity},{child_type,supervisor}]

2020-11-22 12:10:27 =CRASH REPORT====
  crasher:
    initial call: application_master:init/4
    pid: <0.453.0>
    registered_name: []
    exception exit: {{{shutdown,{failed_to_start_child,'Elixir.ConferenceEvents.Repo',{shutdown,{failed_to_start_child,'Elixir.DBConnection.ConnectionPool',{noproc,{'Elixir.GenServer',call,['Elixir.DBConnection.Watcher',{watch,'Elixir.DBConnection.ConnectionPool.Supervisor',{'Elixir.DBConnection.ConnectionPool.Pool',{<0.457.0>,#Ref<0.235532912.3842113538.119558>,'Elixir.Postgrex.Protocol',[{types,'Elixir.Postgrex.DefaultTypes'},{port,5432},{repo,'Elixir.ConferenceEvents.Repo'},{telemetry_prefix,[conference_events,repo]},{otp_app,conference_events},{timeout,15000},{username,<<"phx_user">>},{password,<<>>},{database,<<"conference_events_dev">>},{hostname,<<"localhost">>},{show_sensitive_data_on_connection_error,true},{pool_size,10},{pool,'Elixir.DBConnection.ConnectionPool'}]}}},infinity]}}}}}},{'Elixir.ConferenceEvents.Application',start,[normal,[]]}},[{application_master,init,4,[{file,"application_master.erl"},{line,138}]},{proc_lib,init_p_do_apply,3,[{file,"proc_lib.erl"},{line,226}]}]}
    ancestors: [<0.452.0>]
    message_queue_len: 1
    messages: [{'EXIT',<0.454.0>,normal}]
    links: [<0.452.0>,<0.44.0>]
    dictionary: []
    trap_exit: true
    status: running
    heap_size: 610
    stack_size: 28
    reductions: 211
  neighbours:
2020-11-22 12:11:52 =SUPERVISOR REPORT====
     Supervisor: {local,'Elixir.ConferenceEvents.Repo'}
     Context:    start_error
     Reason:     {noproc,{'Elixir.GenServer',call,['Elixir.DBConnection.Watcher',{watch,'Elixir.DBConnection.ConnectionPool.Supervisor',{'Elixir.DBConnection.ConnectionPool.Pool',{<0.457.0>,#Ref<0.1945618387.889061380.123200>,'Elixir.Postgrex.Protocol',[{types,'Elixir.Postgrex.DefaultTypes'},{port,5432},{repo,'Elixir.ConferenceEvents.Repo'},{telemetry_prefix,[conference_events,repo]},{otp_app,conference_events},{timeout,15000},{username,<<"phx_user">>},{password,<<>>},{database,<<"conference_events_dev">>},{hostname,<<"localhost">>},{show_sensitive_data_on_connection_error,true},{pool_size,10},{pool,'Elixir.DBConnection.ConnectionPool'}]}}},infinity]}}
     Offender:   [{pid,undefined},{id,'Elixir.DBConnection.ConnectionPool'},{mfargs,{'Elixir.Ecto.Repo.Supervisor',start_child,[{'Elixir.DBConnection.ConnectionPool',start_link,[{'Elixir.Postgrex.Protocol',[{types,'Elixir.Postgrex.DefaultTypes'},{port,5432},{repo,'Elixir.ConferenceEvents.Repo'},{telemetry_prefix,[conference_events,repo]},{otp_app,conference_events},{timeout,15000},{username,<<"phx_user">>},{password,<<>>},{database,<<"conference_events_dev">>},{hostname,<<"localhost">>},{show_sensitive_data_on_connection_error,true},{pool_size,10},{pool,'Elixir.DBConnection.ConnectionPool'}]}]},'Elixir.Ecto.Adapters.Postgres',#{cache => #Ref<0.1945618387.889061380.123199>,opts => [{timeout,15000},{pool_size,10},{pool,'Elixir.DBConnection.ConnectionPool'}],repo => 'Elixir.ConferenceEvents.Repo',sql => 'Elixir.Ecto.Adapters.Postgres.Connection',telemetry => {'Elixir.ConferenceEvents.Repo',debug,[conference_events,repo,query]}}]}},{restart_type,permanent},{shutdown,5000},{child_type,worker}]

2020-11-22 12:11:52 =SUPERVISOR REPORT====
     Supervisor: {local,'Elixir.ConferenceEvents.Supervisor'}
     Context:    start_error
     Reason:     {shutdown,{failed_to_start_child,'Elixir.DBConnection.ConnectionPool',{noproc,{'Elixir.GenServer',call,['Elixir.DBConnection.Watcher',{watch,'Elixir.DBConnection.ConnectionPool.Supervisor',{'Elixir.DBConnection.ConnectionPool.Pool',{<0.457.0>,#Ref<0.1945618387.889061380.123200>,'Elixir.Postgrex.Protocol',[{types,'Elixir.Postgrex.DefaultTypes'},{port,5432},{repo,'Elixir.ConferenceEvents.Repo'},{telemetry_prefix,[conference_events,repo]},{otp_app,conference_events},{timeout,15000},{username,<<"phx_user">>},{password,<<>>},{database,<<"conference_events_dev">>},{hostname,<<"localhost">>},{show_sensitive_data_on_connection_error,true},{pool_size,10},{pool,'Elixir.DBConnection.ConnectionPool'}]}}},infinity]}}}}
     Offender:   [{pid,undefined},{id,'Elixir.ConferenceEvents.Repo'},{mfargs,{'Elixir.ConferenceEvents.Repo',start_link,[[]]}},{restart_type,permanent},{shutdown,infinity},{child_type,supervisor}]

2020-11-22 12:11:52 =CRASH REPORT====
  crasher:
    initial call: application_master:init/4
    pid: <0.453.0>
    registered_name: []
    exception exit: {{{shutdown,{failed_to_start_child,'Elixir.ConferenceEvents.Repo',{shutdown,{failed_to_start_child,'Elixir.DBConnection.ConnectionPool',{noproc,{'Elixir.GenServer',call,['Elixir.DBConnection.Watcher',{watch,'Elixir.DBConnection.ConnectionPool.Supervisor',{'Elixir.DBConnection.ConnectionPool.Pool',{<0.457.0>,#Ref<0.1945618387.889061380.123200>,'Elixir.Postgrex.Protocol',[{types,'Elixir.Postgrex.DefaultTypes'},{port,5432},{repo,'Elixir.ConferenceEvents.Repo'},{telemetry_prefix,[conference_events,repo]},{otp_app,conference_events},{timeout,15000},{username,<<"phx_user">>},{password,<<>>},{database,<<"conference_events_dev">>},{hostname,<<"localhost">>},{show_sensitive_data_on_connection_error,true},{pool_size,10},{pool,'Elixir.DBConnection.ConnectionPool'}]}}},infinity]}}}}}},{'Elixir.ConferenceEvents.Application',start,[normal,[]]}},[{application_master,init,4,[{file,"application_master.erl"},{line,138}]},{proc_lib,init_p_do_apply,3,[{file,"proc_lib.erl"},{line,226}]}]}
    ancestors: [<0.452.0>]
    message_queue_len: 1
    messages: [{'EXIT',<0.454.0>,normal}]
    links: [<0.452.0>,<0.44.0>]
    dictionary: []
    trap_exit: true
    status: running
    heap_size: 610
    stack_size: 28
    reductions: 211
  neighbours:
2020-11-22 12:12:22 =SUPERVISOR REPORT====
     Supervisor: {local,'Elixir.ConferenceEvents.Repo'}
     Context:    start_error
     Reason:     {noproc,{'Elixir.GenServer',call,['Elixir.DBConnection.Watcher',{watch,'Elixir.DBConnection.ConnectionPool.Supervisor',{'Elixir.DBConnection.ConnectionPool.Pool',{<0.333.0>,#Ref<0.4162327840.1156972545.240650>,'Elixir.Postgrex.Protocol',[{types,'Elixir.Postgrex.DefaultTypes'},{port,5432},{repo,'Elixir.ConferenceEvents.Repo'},{telemetry_prefix,[conference_events,repo]},{otp_app,conference_events},{timeout,15000},{username,<<"phx_user">>},{password,<<>>},{database,<<"conference_events_dev">>},{hostname,<<"localhost">>},{show_sensitive_data_on_connection_error,true},{pool_size,10},{pool,'Elixir.DBConnection.ConnectionPool'}]}}},infinity]}}
     Offender:   [{pid,undefined},{id,'Elixir.DBConnection.ConnectionPool'},{mfargs,{'Elixir.Ecto.Repo.Supervisor',start_child,[{'Elixir.DBConnection.ConnectionPool',start_link,[{'Elixir.Postgrex.Protocol',[{types,'Elixir.Postgrex.DefaultTypes'},{port,5432},{repo,'Elixir.ConferenceEvents.Repo'},{telemetry_prefix,[conference_events,repo]},{otp_app,conference_events},{timeout,15000},{username,<<"phx_user">>},{password,<<>>},{database,<<"conference_events_dev">>},{hostname,<<"localhost">>},{show_sensitive_data_on_connection_error,true},{pool_size,10},{pool,'Elixir.DBConnection.ConnectionPool'}]}]},'Elixir.Ecto.Adapters.Postgres',#{cache => #Ref<0.4162327840.1156972545.240649>,opts => [{timeout,15000},{pool_size,10},{pool,'Elixir.DBConnection.ConnectionPool'}],repo => 'Elixir.ConferenceEvents.Repo',sql => 'Elixir.Ecto.Adapters.Postgres.Connection',telemetry => {'Elixir.ConferenceEvents.Repo',debug,[conference_events,repo,query]}}]}},{restart_type,permanent},{shutdown,5000},{child_type,worker}]

2020-11-22 12:12:22 =SUPERVISOR REPORT====
     Supervisor: {local,'Elixir.ConferenceEvents.Supervisor'}
     Context:    start_error
     Reason:     {shutdown,{failed_to_start_child,'Elixir.DBConnection.ConnectionPool',{noproc,{'Elixir.GenServer',call,['Elixir.DBConnection.Watcher',{watch,'Elixir.DBConnection.ConnectionPool.Supervisor',{'Elixir.DBConnection.ConnectionPool.Pool',{<0.333.0>,#Ref<0.4162327840.1156972545.240650>,'Elixir.Postgrex.Protocol',[{types,'Elixir.Postgrex.DefaultTypes'},{port,5432},{repo,'Elixir.ConferenceEvents.Repo'},{telemetry_prefix,[conference_events,repo]},{otp_app,conference_events},{timeout,15000},{username,<<"phx_user">>},{password,<<>>},{database,<<"conference_events_dev">>},{hostname,<<"localhost">>},{show_sensitive_data_on_connection_error,true},{pool_size,10},{pool,'Elixir.DBConnection.ConnectionPool'}]}}},infinity]}}}}
     Offender:   [{pid,undefined},{id,'Elixir.ConferenceEvents.Repo'},{mfargs,{'Elixir.ConferenceEvents.Repo',start_link,[[]]}},{restart_type,permanent},{shutdown,infinity},{child_type,supervisor}]

2020-11-22 12:12:22 =CRASH REPORT====
  crasher:
    initial call: application_master:init/4
    pid: <0.329.0>
    registered_name: []
    exception exit: {{{shutdown,{failed_to_start_child,'Elixir.ConferenceEvents.Repo',{shutdown,{failed_to_start_child,'Elixir.DBConnection.ConnectionPool',{noproc,{'Elixir.GenServer',call,['Elixir.DBConnection.Watcher',{watch,'Elixir.DBConnection.ConnectionPool.Supervisor',{'Elixir.DBConnection.ConnectionPool.Pool',{<0.333.0>,#Ref<0.4162327840.1156972545.240650>,'Elixir.Postgrex.Protocol',[{types,'Elixir.Postgrex.DefaultTypes'},{port,5432},{repo,'Elixir.ConferenceEvents.Repo'},{telemetry_prefix,[conference_events,repo]},{otp_app,conference_events},{timeout,15000},{username,<<"phx_user">>},{password,<<>>},{database,<<"conference_events_dev">>},{hostname,<<"localhost">>},{show_sensitive_data_on_connection_error,true},{pool_size,10},{pool,'Elixir.DBConnection.ConnectionPool'}]}}},infinity]}}}}}},{'Elixir.ConferenceEvents.Application',start,[normal,[]]}},[{application_master,init,4,[{file,"application_master.erl"},{line,138}]},{proc_lib,init_p_do_apply,3,[{file,"proc_lib.erl"},{line,226}]}]}
    ancestors: [<0.328.0>]
    message_queue_len: 1
    messages: [{'EXIT',<0.330.0>,normal}]
    links: [<0.328.0>,<0.44.0>]
    dictionary: []
    trap_exit: true
    status: running
    heap_size: 610
    stack_size: 28
    reductions: 211
  neighbours:
2020-11-22 12:13:12 =SUPERVISOR REPORT====
     Supervisor: {local,'Elixir.ConferenceEvents.Repo'}
     Context:    start_error
     Reason:     {noproc,{'Elixir.GenServer',call,['Elixir.DBConnection.Watcher',{watch,'Elixir.DBConnection.ConnectionPool.Supervisor',{'Elixir.DBConnection.ConnectionPool.Pool',{<0.457.0>,#Ref<0.209349747.1157234694.231647>,'Elixir.Postgrex.Protocol',[{types,'Elixir.Postgrex.DefaultTypes'},{port,5432},{repo,'Elixir.ConferenceEvents.Repo'},{telemetry_prefix,[conference_events,repo]},{otp_app,conference_events},{timeout,15000},{username,<<"phx_user">>},{password,<<>>},{database,<<"conference_events_dev">>},{hostname,<<"localhost">>},{show_sensitive_data_on_connection_error,true},{pool_size,10},{pool,'Elixir.DBConnection.ConnectionPool'}]}}},infinity]}}
     Offender:   [{pid,undefined},{id,'Elixir.DBConnection.ConnectionPool'},{mfargs,{'Elixir.Ecto.Repo.Supervisor',start_child,[{'Elixir.DBConnection.ConnectionPool',start_link,[{'Elixir.Postgrex.Protocol',[{types,'Elixir.Postgrex.DefaultTypes'},{port,5432},{repo,'Elixir.ConferenceEvents.Repo'},{telemetry_prefix,[conference_events,repo]},{otp_app,conference_events},{timeout,15000},{username,<<"phx_user">>},{password,<<>>},{database,<<"conference_events_dev">>},{hostname,<<"localhost">>},{show_sensitive_data_on_connection_error,true},{pool_size,10},{pool,'Elixir.DBConnection.ConnectionPool'}]}]},'Elixir.Ecto.Adapters.Postgres',#{cache => #Ref<0.209349747.1157234694.231646>,opts => [{timeout,15000},{pool_size,10},{pool,'Elixir.DBConnection.ConnectionPool'}],repo => 'Elixir.ConferenceEvents.Repo',sql => 'Elixir.Ecto.Adapters.Postgres.Connection',telemetry => {'Elixir.ConferenceEvents.Repo',debug,[conference_events,repo,query]}}]}},{restart_type,permanent},{shutdown,5000},{child_type,worker}]

2020-11-22 12:15:24 =SUPERVISOR REPORT====
     Supervisor: {local,'Elixir.ConferenceEvents.Repo'}
     Context:    start_error
     Reason:     {noproc,{'Elixir.GenServer',call,['Elixir.DBConnection.Watcher',{watch,'Elixir.DBConnection.ConnectionPool.Supervisor',{'Elixir.DBConnection.ConnectionPool.Pool',{<0.457.0>,#Ref<0.482989025.1963589633.254075>,'Elixir.Postgrex.Protocol',[{types,'Elixir.Postgrex.DefaultTypes'},{port,5432},{repo,'Elixir.ConferenceEvents.Repo'},{telemetry_prefix,[conference_events,repo]},{otp_app,conference_events},{timeout,15000},{username,<<"phx_user">>},{password,<<>>},{database,<<"conference_events_dev">>},{hostname,<<"localhost">>},{show_sensitive_data_on_connection_error,true},{pool_size,10},{pool,'Elixir.DBConnection.ConnectionPool'}]}}},infinity]}}
     Offender:   [{pid,undefined},{id,'Elixir.DBConnection.ConnectionPool'},{mfargs,{'Elixir.Ecto.Repo.Supervisor',start_child,[{'Elixir.DBConnection.ConnectionPool',start_link,[{'Elixir.Postgrex.Protocol',[{types,'Elixir.Postgrex.DefaultTypes'},{port,5432},{repo,'Elixir.ConferenceEvents.Repo'},{telemetry_prefix,[conference_events,repo]},{otp_app,conference_events},{timeout,15000},{username,<<"phx_user">>},{password,<<>>},{database,<<"conference_events_dev">>},{hostname,<<"localhost">>},{show_sensitive_data_on_connection_error,true},{pool_size,10},{pool,'Elixir.DBConnection.ConnectionPool'}]}]},'Elixir.Ecto.Adapters.Postgres',#{cache => #Ref<0.482989025.1963589633.254074>,opts => [{timeout,15000},{pool_size,10},{pool,'Elixir.DBConnection.ConnectionPool'}],repo => 'Elixir.ConferenceEvents.Repo',sql => 'Elixir.Ecto.Adapters.Postgres.Connection',telemetry => {'Elixir.ConferenceEvents.Repo',debug,[conference_events,repo,query]}}]}},{restart_type,permanent},{shutdown,5000},{child_type,worker}]

2020-11-22 12:15:24 =SUPERVISOR REPORT====
     Supervisor: {local,'Elixir.ConferenceEvents.Supervisor'}
     Context:    start_error
     Reason:     {shutdown,{failed_to_start_child,'Elixir.DBConnection.ConnectionPool',{noproc,{'Elixir.GenServer',call,['Elixir.DBConnection.Watcher',{watch,'Elixir.DBConnection.ConnectionPool.Supervisor',{'Elixir.DBConnection.ConnectionPool.Pool',{<0.457.0>,#Ref<0.482989025.1963589633.254075>,'Elixir.Postgrex.Protocol',[{types,'Elixir.Postgrex.DefaultTypes'},{port,5432},{repo,'Elixir.ConferenceEvents.Repo'},{telemetry_prefix,[conference_events,repo]},{otp_app,conference_events},{timeout,15000},{username,<<"phx_user">>},{password,<<>>},{database,<<"conference_events_dev">>},{hostname,<<"localhost">>},{show_sensitive_data_on_connection_error,true},{pool_size,10},{pool,'Elixir.DBConnection.ConnectionPool'}]}}},infinity]}}}}
     Offender:   [{pid,undefined},{id,'Elixir.ConferenceEvents.Repo'},{mfargs,{'Elixir.ConferenceEvents.Repo',start_link,[[]]}},{restart_type,permanent},{shutdown,infinity},{child_type,supervisor}]

2020-11-22 12:22:01 =SUPERVISOR REPORT====
     Supervisor: {local,'Elixir.ConferenceEvents.Repo'}
     Context:    start_error
     Reason:     {noproc,{'Elixir.GenServer',call,['Elixir.DBConnection.Watcher',{watch,'Elixir.DBConnection.ConnectionPool.Supervisor',{'Elixir.DBConnection.ConnectionPool.Pool',{<0.333.0>,#Ref<0.423276187.1695678469.10052>,'Elixir.Postgrex.Protocol',[{types,'Elixir.Postgrex.DefaultTypes'},{port,5432},{repo,'Elixir.ConferenceEvents.Repo'},{telemetry_prefix,[conference_events,repo]},{otp_app,conference_events},{timeout,15000},{username,<<"phx_user">>},{password,<<>>},{database,<<"conference_events_dev">>},{hostname,<<"localhost">>},{show_sensitive_data_on_connection_error,true},{pool_size,10},{pool,'Elixir.DBConnection.ConnectionPool'}]}}},infinity]}}
     Offender:   [{pid,undefined},{id,'Elixir.DBConnection.ConnectionPool'},{mfargs,{'Elixir.Ecto.Repo.Supervisor',start_child,[{'Elixir.DBConnection.ConnectionPool',start_link,[{'Elixir.Postgrex.Protocol',[{types,'Elixir.Postgrex.DefaultTypes'},{port,5432},{repo,'Elixir.ConferenceEvents.Repo'},{telemetry_prefix,[conference_events,repo]},{otp_app,conference_events},{timeout,15000},{username,<<"phx_user">>},{password,<<>>},{database,<<"conference_events_dev">>},{hostname,<<"localhost">>},{show_sensitive_data_on_connection_error,true},{pool_size,10},{pool,'Elixir.DBConnection.ConnectionPool'}]}]},'Elixir.Ecto.Adapters.Postgres',#{cache => #Ref<0.423276187.1695678469.10051>,opts => [{timeout,15000},{pool_size,10},{pool,'Elixir.DBConnection.ConnectionPool'}],repo => 'Elixir.ConferenceEvents.Repo',sql => 'Elixir.Ecto.Adapters.Postgres.Connection',telemetry => {'Elixir.ConferenceEvents.Repo',debug,[conference_events,repo,query]}}]}},{restart_type,permanent},{shutdown,5000},{child_type,worker}]

2020-11-22 12:22:01 =SUPERVISOR REPORT====
     Supervisor: {local,'Elixir.ConferenceEvents.Supervisor'}
     Context:    start_error
     Reason:     {shutdown,{failed_to_start_child,'Elixir.DBConnection.ConnectionPool',{noproc,{'Elixir.GenServer',call,['Elixir.DBConnection.Watcher',{watch,'Elixir.DBConnection.ConnectionPool.Supervisor',{'Elixir.DBConnection.ConnectionPool.Pool',{<0.333.0>,#Ref<0.423276187.1695678469.10052>,'Elixir.Postgrex.Protocol',[{types,'Elixir.Postgrex.DefaultTypes'},{port,5432},{repo,'Elixir.ConferenceEvents.Repo'},{telemetry_prefix,[conference_events,repo]},{otp_app,conference_events},{timeout,15000},{username,<<"phx_user">>},{password,<<>>},{database,<<"conference_events_dev">>},{hostname,<<"localhost">>},{show_sensitive_data_on_connection_error,true},{pool_size,10},{pool,'Elixir.DBConnection.ConnectionPool'}]}}},infinity]}}}}
     Offender:   [{pid,undefined},{id,'Elixir.ConferenceEvents.Repo'},{mfargs,{'Elixir.ConferenceEvents.Repo',start_link,[[]]}},{restart_type,permanent},{shutdown,infinity},{child_type,supervisor}]

2020-11-22 12:22:01 =CRASH REPORT====
  crasher:
    initial call: application_master:init/4
    pid: <0.329.0>
    registered_name: []
    exception exit: {{{shutdown,{failed_to_start_child,'Elixir.ConferenceEvents.Repo',{shutdown,{failed_to_start_child,'Elixir.DBConnection.ConnectionPool',{noproc,{'Elixir.GenServer',call,['Elixir.DBConnection.Watcher',{watch,'Elixir.DBConnection.ConnectionPool.Supervisor',{'Elixir.DBConnection.ConnectionPool.Pool',{<0.333.0>,#Ref<0.423276187.1695678469.10052>,'Elixir.Postgrex.Protocol',[{types,'Elixir.Postgrex.DefaultTypes'},{port,5432},{repo,'Elixir.ConferenceEvents.Repo'},{telemetry_prefix,[conference_events,repo]},{otp_app,conference_events},{timeout,15000},{username,<<"phx_user">>},{password,<<>>},{database,<<"conference_events_dev">>},{hostname,<<"localhost">>},{show_sensitive_data_on_connection_error,true},{pool_size,10},{pool,'Elixir.DBConnection.ConnectionPool'}]}}},infinity]}}}}}},{'Elixir.ConferenceEvents.Application',start,[normal,[]]}},[{application_master,init,4,[{file,"application_master.erl"},{line,138}]},{proc_lib,init_p_do_apply,3,[{file,"proc_lib.erl"},{line,226}]}]}
    ancestors: [<0.328.0>]
    message_queue_len: 1
    messages: [{'EXIT',<0.330.0>,normal}]
    links: [<0.328.0>,<0.44.0>]
    dictionary: []
    trap_exit: true
    status: running
    heap_size: 610
    stack_size: 28
    reductions: 211
  neighbours:
2020-11-22 12:26:29 =ERROR REPORT====
Failed to start Ranch listener 'Elixir.ConferenceEventsWeb.Endpoint.HTTP' in ranch_tcp:listen([{cacerts,'...'},{key,'...'},{cert,'...'},{port,4000}]) for reason eaddrinuse (address already in use)
2020-11-22 12:26:29 =SUPERVISOR REPORT====
     Supervisor: {<0.580.0>,ranch_listener_sup}
     Context:    start_error
     Reason:     {listen_error,'Elixir.ConferenceEventsWeb.Endpoint.HTTP',eaddrinuse}
     Offender:   [{pid,undefined},{id,ranch_acceptors_sup},{mfargs,{ranch_acceptors_sup,start_link,['Elixir.ConferenceEventsWeb.Endpoint.HTTP',ranch_tcp]}},{restart_type,permanent},{shutdown,infinity},{child_type,supervisor}]

2020-11-22 12:26:29 =SUPERVISOR REPORT====
     Supervisor: {local,'Elixir.ConferenceEventsWeb.Endpoint'}
     Context:    start_error
     Reason:     {shutdown,{failed_to_start_child,ranch_acceptors_sup,{listen_error,'Elixir.ConferenceEventsWeb.Endpoint.HTTP',eaddrinuse}}}
     Offender:   [{pid,undefined},{id,{ranch_listener_sup,'Elixir.ConferenceEventsWeb.Endpoint.HTTP'}},{mfargs,{'Elixir.Phoenix.Endpoint.Cowboy2Adapter',start_link,[http,'Elixir.ConferenceEventsWeb.Endpoint',{ranch_listener_sup,start_link,['Elixir.ConferenceEventsWeb.Endpoint.HTTP',ranch_tcp,#{max_connections => 16384,num_acceptors => 100,socket_opts => [{port,4000}]},cowboy_clear,#{env => #{dispatch => [{'_',[],[{'_',[],'Elixir.Phoenix.Endpoint.Cowboy2Handler',{'Elixir.ConferenceEventsWeb.Endpoint',[]}}]}]},stream_handlers => [cowboy_telemetry_h,cowboy_stream_h]}]}]}},{restart_type,permanent},{shutdown,infinity},{child_type,supervisor}]

2020-11-22 12:26:29 =CRASH REPORT====
  crasher:
    initial call: supervisor:ranch_acceptors_sup/1
    pid: <0.582.0>
    registered_name: []
    exception exit: {{listen_error,'Elixir.ConferenceEventsWeb.Endpoint.HTTP',eaddrinuse},[{ranch_acceptors_sup,listen_error,5,[{file,"/Users/daniel/projects/galv/conference_events/deps/ranch/src/ranch_acceptors_sup.erl"},{line,66}]},{supervisor,init,1,[{file,"supervisor.erl"},{line,301}]},{gen_server,init_it,2,[{file,"gen_server.erl"},{line,417}]},{gen_server,init_it,6,[{file,"gen_server.erl"},{line,385}]},{proc_lib,init_p_do_apply,3,[{file,"proc_lib.erl"},{line,226}]}]}
    ancestors: [<0.580.0>,'Elixir.ConferenceEventsWeb.Endpoint','Elixir.ConferenceEvents.Supervisor',<0.526.0>]
    message_queue_len: 1
    messages: [{'EXIT',<0.580.0>,{shutdown,{failed_to_start_child,ranch_acceptors_sup,{listen_error,'Elixir.ConferenceEventsWeb.Endpoint.HTTP',eaddrinuse}}}}]
    links: []
    dictionary: [{logger,error_logger}]
    trap_exit: true
    status: running
    heap_size: 2586
    stack_size: 28
    reductions: 4684
  neighbours:
2020-11-22 12:26:29 =SUPERVISOR REPORT====
     Supervisor: {local,'Elixir.ConferenceEvents.Supervisor'}
     Context:    start_error
     Reason:     {shutdown,{failed_to_start_child,{ranch_listener_sup,'Elixir.ConferenceEventsWeb.Endpoint.HTTP'},{shutdown,{failed_to_start_child,ranch_acceptors_sup,{listen_error,'Elixir.ConferenceEventsWeb.Endpoint.HTTP',eaddrinuse}}}}}
     Offender:   [{pid,undefined},{id,'Elixir.ConferenceEventsWeb.Endpoint'},{mfargs,{'Elixir.ConferenceEventsWeb.Endpoint',start_link,[[]]}},{restart_type,permanent},{shutdown,infinity},{child_type,supervisor}]

2020-11-22 12:26:29 =CRASH REPORT====
  crasher:
    initial call: application_master:init/4
    pid: <0.525.0>
    registered_name: []
    exception exit: {{{shutdown,{failed_to_start_child,'Elixir.ConferenceEventsWeb.Endpoint',{shutdown,{failed_to_start_child,{ranch_listener_sup,'Elixir.ConferenceEventsWeb.Endpoint.HTTP'},{shutdown,{failed_to_start_child,ranch_acceptors_sup,{listen_error,'Elixir.ConferenceEventsWeb.Endpoint.HTTP',eaddrinuse}}}}}}},{'Elixir.ConferenceEvents.Application',start,[normal,[]]}},[{application_master,init,4,[{file,"application_master.erl"},{line,138}]},{proc_lib,init_p_do_apply,3,[{file,"proc_lib.erl"},{line,226}]}]}
    ancestors: [<0.524.0>]
    message_queue_len: 1
    messages: [{'EXIT',<0.526.0>,normal}]
    links: [<0.524.0>,<0.44.0>]
    dictionary: []
    trap_exit: true
    status: running
    heap_size: 376
    stack_size: 28
    reductions: 212
  neighbours:
2020-11-22 12:29:52 =ERROR REPORT====
Failed to start Ranch listener 'Elixir.ConferenceEventsWeb.Endpoint.HTTP' in ranch_tcp:listen([{cacerts,'...'},{key,'...'},{cert,'...'},{port,4000}]) for reason eaddrinuse (address already in use)
2020-11-22 12:29:52 =SUPERVISOR REPORT====
     Supervisor: {<0.457.0>,ranch_listener_sup}
     Context:    start_error
     Reason:     {listen_error,'Elixir.ConferenceEventsWeb.Endpoint.HTTP',eaddrinuse}
     Offender:   [{pid,undefined},{id,ranch_acceptors_sup},{mfargs,{ranch_acceptors_sup,start_link,['Elixir.ConferenceEventsWeb.Endpoint.HTTP',ranch_tcp]}},{restart_type,permanent},{shutdown,infinity},{child_type,supervisor}]

2020-11-22 12:29:52 =CRASH REPORT====
  crasher:
    initial call: supervisor:ranch_acceptors_sup/1
    pid: <0.459.0>
    registered_name: []
    exception exit: {{listen_error,'Elixir.ConferenceEventsWeb.Endpoint.HTTP',eaddrinuse},[{ranch_acceptors_sup,listen_error,5,[{file,"/Users/daniel/projects/galv/conference_events/deps/ranch/src/ranch_acceptors_sup.erl"},{line,66}]},{supervisor,init,1,[{file,"supervisor.erl"},{line,301}]},{gen_server,init_it,2,[{file,"gen_server.erl"},{line,417}]},{gen_server,init_it,6,[{file,"gen_server.erl"},{line,385}]},{proc_lib,init_p_do_apply,3,[{file,"proc_lib.erl"},{line,226}]}]}
    ancestors: [<0.457.0>,'Elixir.ConferenceEventsWeb.Endpoint','Elixir.ConferenceEvents.Supervisor',<0.402.0>]
    message_queue_len: 0
    messages: []
    links: [<0.457.0>]
    dictionary: [{logger,error_logger}]
    trap_exit: true
    status: running
    heap_size: 1598
    stack_size: 28
    reductions: 4779
  neighbours:
2020-11-22 12:29:52 =SUPERVISOR REPORT====
     Supervisor: {local,'Elixir.ConferenceEventsWeb.Endpoint'}
     Context:    start_error
     Reason:     {shutdown,{failed_to_start_child,ranch_acceptors_sup,{listen_error,'Elixir.ConferenceEventsWeb.Endpoint.HTTP',eaddrinuse}}}
     Offender:   [{pid,undefined},{id,{ranch_listener_sup,'Elixir.ConferenceEventsWeb.Endpoint.HTTP'}},{mfargs,{'Elixir.Phoenix.Endpoint.Cowboy2Adapter',start_link,[http,'Elixir.ConferenceEventsWeb.Endpoint',{ranch_listener_sup,start_link,['Elixir.ConferenceEventsWeb.Endpoint.HTTP',ranch_tcp,#{max_connections => 16384,num_acceptors => 100,socket_opts => [{port,4000}]},cowboy_clear,#{env => #{dispatch => [{'_',[],[{'_',[],'Elixir.Phoenix.Endpoint.Cowboy2Handler',{'Elixir.ConferenceEventsWeb.Endpoint',[]}}]}]},stream_handlers => [cowboy_telemetry_h,cowboy_stream_h]}]}]}},{restart_type,permanent},{shutdown,infinity},{child_type,supervisor}]

2020-11-22 12:29:52 =SUPERVISOR REPORT====
     Supervisor: {local,'Elixir.ConferenceEvents.Supervisor'}
     Context:    start_error
     Reason:     {shutdown,{failed_to_start_child,{ranch_listener_sup,'Elixir.ConferenceEventsWeb.Endpoint.HTTP'},{shutdown,{failed_to_start_child,ranch_acceptors_sup,{listen_error,'Elixir.ConferenceEventsWeb.Endpoint.HTTP',eaddrinuse}}}}}
     Offender:   [{pid,undefined},{id,'Elixir.ConferenceEventsWeb.Endpoint'},{mfargs,{'Elixir.ConferenceEventsWeb.Endpoint',start_link,[[]]}},{restart_type,permanent},{shutdown,infinity},{child_type,supervisor}]

2020-11-22 12:29:52 =CRASH REPORT====
  crasher:
    initial call: application_master:init/4
    pid: <0.401.0>
    registered_name: []
    exception exit: {{{shutdown,{failed_to_start_child,'Elixir.ConferenceEventsWeb.Endpoint',{shutdown,{failed_to_start_child,{ranch_listener_sup,'Elixir.ConferenceEventsWeb.Endpoint.HTTP'},{shutdown,{failed_to_start_child,ranch_acceptors_sup,{listen_error,'Elixir.ConferenceEventsWeb.Endpoint.HTTP',eaddrinuse}}}}}}},{'Elixir.ConferenceEvents.Application',start,[normal,[]]}},[{application_master,init,4,[{file,"application_master.erl"},{line,138}]},{proc_lib,init_p_do_apply,3,[{file,"proc_lib.erl"},{line,226}]}]}
    ancestors: [<0.400.0>]
    message_queue_len: 1
    messages: [{'EXIT',<0.402.0>,normal}]
    links: [<0.400.0>,<0.44.0>]
    dictionary: []
    trap_exit: true
    status: running
    heap_size: 376
    stack_size: 28
    reductions: 212
  neighbours:
2020-11-22 12:36:21 =SUPERVISOR REPORT====
     Supervisor: {local,'Elixir.ConferenceEvents.Repo'}
     Context:    start_error
     Reason:     {noproc,{'Elixir.GenServer',call,['Elixir.DBConnection.Watcher',{watch,'Elixir.DBConnection.ConnectionPool.Supervisor',{'Elixir.DBConnection.ConnectionPool.Pool',{<0.457.0>,#Ref<0.3702321932.87162885.43653>,'Elixir.Postgrex.Protocol',[{types,'Elixir.Postgrex.DefaultTypes'},{port,5432},{repo,'Elixir.ConferenceEvents.Repo'},{telemetry_prefix,[conference_events,repo]},{otp_app,conference_events},{timeout,15000},{username,<<"phx_user">>},{password,<<>>},{database,<<"conference_events_dev">>},{hostname,<<"localhost">>},{show_sensitive_data_on_connection_error,true},{pool_size,10},{pool,'Elixir.DBConnection.ConnectionPool'}]}}},infinity]}}
     Offender:   [{pid,undefined},{id,'Elixir.DBConnection.ConnectionPool'},{mfargs,{'Elixir.Ecto.Repo.Supervisor',start_child,[{'Elixir.DBConnection.ConnectionPool',start_link,[{'Elixir.Postgrex.Protocol',[{types,'Elixir.Postgrex.DefaultTypes'},{port,5432},{repo,'Elixir.ConferenceEvents.Repo'},{telemetry_prefix,[conference_events,repo]},{otp_app,conference_events},{timeout,15000},{username,<<"phx_user">>},{password,<<>>},{database,<<"conference_events_dev">>},{hostname,<<"localhost">>},{show_sensitive_data_on_connection_error,true},{pool_size,10},{pool,'Elixir.DBConnection.ConnectionPool'}]}]},'Elixir.Ecto.Adapters.Postgres',#{cache => #Ref<0.3702321932.87162885.43652>,opts => [{timeout,15000},{pool_size,10},{pool,'Elixir.DBConnection.ConnectionPool'}],repo => 'Elixir.ConferenceEvents.Repo',sql => 'Elixir.Ecto.Adapters.Postgres.Connection',telemetry => {'Elixir.ConferenceEvents.Repo',debug,[conference_events,repo,query]}}]}},{restart_type,permanent},{shutdown,5000},{child_type,worker}]

2020-11-22 12:36:21 =SUPERVISOR REPORT====
     Supervisor: {local,'Elixir.ConferenceEvents.Supervisor'}
     Context:    start_error
     Reason:     {shutdown,{failed_to_start_child,'Elixir.DBConnection.ConnectionPool',{noproc,{'Elixir.GenServer',call,['Elixir.DBConnection.Watcher',{watch,'Elixir.DBConnection.ConnectionPool.Supervisor',{'Elixir.DBConnection.ConnectionPool.Pool',{<0.457.0>,#Ref<0.3702321932.87162885.43653>,'Elixir.Postgrex.Protocol',[{types,'Elixir.Postgrex.DefaultTypes'},{port,5432},{repo,'Elixir.ConferenceEvents.Repo'},{telemetry_prefix,[conference_events,repo]},{otp_app,conference_events},{timeout,15000},{username,<<"phx_user">>},{password,<<>>},{database,<<"conference_events_dev">>},{hostname,<<"localhost">>},{show_sensitive_data_on_connection_error,true},{pool_size,10},{pool,'Elixir.DBConnection.ConnectionPool'}]}}},infinity]}}}}
     Offender:   [{pid,undefined},{id,'Elixir.ConferenceEvents.Repo'},{mfargs,{'Elixir.ConferenceEvents.Repo',start_link,[[]]}},{restart_type,permanent},{shutdown,infinity},{child_type,supervisor}]

2020-11-22 12:39:16 =SUPERVISOR REPORT====
     Supervisor: {local,'Elixir.ConferenceEvents.Repo'}
     Context:    start_error
     Reason:     {noproc,{'Elixir.GenServer',call,['Elixir.DBConnection.Watcher',{watch,'Elixir.DBConnection.ConnectionPool.Supervisor',{'Elixir.DBConnection.ConnectionPool.Pool',{<0.457.0>,#Ref<0.1884732957.4115005445.42789>,'Elixir.Postgrex.Protocol',[{types,'Elixir.Postgrex.DefaultTypes'},{port,5432},{repo,'Elixir.ConferenceEvents.Repo'},{telemetry_prefix,[conference_events,repo]},{otp_app,conference_events},{timeout,15000},{username,<<"phx_user">>},{password,<<>>},{database,<<"conference_events_dev">>},{hostname,<<"localhost">>},{show_sensitive_data_on_connection_error,true},{pool_size,10},{pool,'Elixir.DBConnection.ConnectionPool'}]}}},infinity]}}
     Offender:   [{pid,undefined},{id,'Elixir.DBConnection.ConnectionPool'},{mfargs,{'Elixir.Ecto.Repo.Supervisor',start_child,[{'Elixir.DBConnection.ConnectionPool',start_link,[{'Elixir.Postgrex.Protocol',[{types,'Elixir.Postgrex.DefaultTypes'},{port,5432},{repo,'Elixir.ConferenceEvents.Repo'},{telemetry_prefix,[conference_events,repo]},{otp_app,conference_events},{timeout,15000},{username,<<"phx_user">>},{password,<<>>},{database,<<"conference_events_dev">>},{hostname,<<"localhost">>},{show_sensitive_data_on_connection_error,true},{pool_size,10},{pool,'Elixir.DBConnection.ConnectionPool'}]}]},'Elixir.Ecto.Adapters.Postgres',#{cache => #Ref<0.1884732957.4115005445.42788>,opts => [{timeout,15000},{pool_size,10},{pool,'Elixir.DBConnection.ConnectionPool'}],repo => 'Elixir.ConferenceEvents.Repo',sql => 'Elixir.Ecto.Adapters.Postgres.Connection',telemetry => {'Elixir.ConferenceEvents.Repo',debug,[conference_events,repo,query]}}]}},{restart_type,permanent},{shutdown,5000},{child_type,worker}]

2020-11-22 12:39:16 =SUPERVISOR REPORT====
     Supervisor: {local,'Elixir.ConferenceEvents.Supervisor'}
     Context:    start_error
     Reason:     {shutdown,{failed_to_start_child,'Elixir.DBConnection.ConnectionPool',{noproc,{'Elixir.GenServer',call,['Elixir.DBConnection.Watcher',{watch,'Elixir.DBConnection.ConnectionPool.Supervisor',{'Elixir.DBConnection.ConnectionPool.Pool',{<0.457.0>,#Ref<0.1884732957.4115005445.42789>,'Elixir.Postgrex.Protocol',[{types,'Elixir.Postgrex.DefaultTypes'},{port,5432},{repo,'Elixir.ConferenceEvents.Repo'},{telemetry_prefix,[conference_events,repo]},{otp_app,conference_events},{timeout,15000},{username,<<"phx_user">>},{password,<<>>},{database,<<"conference_events_dev">>},{hostname,<<"localhost">>},{show_sensitive_data_on_connection_error,true},{pool_size,10},{pool,'Elixir.DBConnection.ConnectionPool'}]}}},infinity]}}}}
     Offender:   [{pid,undefined},{id,'Elixir.ConferenceEvents.Repo'},{mfargs,{'Elixir.ConferenceEvents.Repo',start_link,[[]]}},{restart_type,permanent},{shutdown,infinity},{child_type,supervisor}]

